[ 2017-06-30T18:33:57+08:00 ] 116.226.250.29 /App/CheckCode/getCode
INFO: [ app_init ] --START--
INFO: Run Behavior\BuildLiteBehavior [ RunTime:0.000011s ]
INFO: [ app_init ] --END-- [ RunTime:0.000254s ]
INFO: [ app_begin ] --START--
INFO: Run Behavior\ReadHtmlCacheBehavior [ RunTime:0.000341s ]
INFO: [ app_begin ] --END-- [ RunTime:0.000380s ]
INFO: [ app_end ] --START--
INFO: Run Behavior\ShowPageTraceBehavior [ RunTime:0.000381s ]
INFO: [ app_end ] --END-- [ RunTime:0.000423s ]

[ 2017-06-30T18:34:24+08:00 ] 101.226.102.60 /App/User/user_info
INFO: [ app_init ] --START--
INFO: Run Behavior\BuildLiteBehavior [ RunTime:0.000012s ]
INFO: [ app_init ] --END-- [ RunTime:0.000285s ]
INFO: [ app_begin ] --START--
INFO: Run Behavior\ReadHtmlCacheBehavior [ RunTime:0.000327s ]
INFO: [ app_begin ] --END-- [ RunTime:0.000370s ]
SQL: SHOW COLUMNS FROM `m_user` [ RunTime:0.0015s ]
SQL: SELECT * FROM `m_user` WHERE `user_id` = 20 AND `token` = '5955ba1d99b10' LIMIT 1   [ RunTime:0.0007s ]

[ 2017-06-30T18:34:24+08:00 ] 101.226.102.60 /app/index/liveInfo
INFO: [ app_init ] --START--
INFO: Run Behavior\BuildLiteBehavior [ RunTime:0.000011s ]
INFO: [ app_init ] --END-- [ RunTime:0.000251s ]
INFO: [ app_begin ] --START--
INFO: Run Behavior\ReadHtmlCacheBehavior [ RunTime:0.000308s ]
INFO: [ app_begin ] --END-- [ RunTime:0.000347s ]
SQL: SHOW COLUMNS FROM `m_live` [ RunTime:0.0009s ]
SQL: SELECT a.live_id,a.title,a.play_img,a.play_address_m3u8,a.play_address_flv,a.play_address_rtmp,a.room_id,a.nums,a.watch_nums,b.zan,a.user_id,b.username,b.img FROM m_live a LEFT JOIN m_user b on a.user_id = b.user_id  WHERE a.live_id = '73' ORDER BY a.live_id desc LIMIT 1   [ RunTime:0.0006s ]
SQL: SHOW COLUMNS FROM `m_follow` [ RunTime:0.0005s ]
SQL: SELECT * FROM `m_follow` WHERE `user_id` = 23 AND `user_id2` = 23 LIMIT 1   [ RunTime:0.0003s ]

[ 2017-06-30T18:35:45+08:00 ] 47.74.6.49 /App/CheckCode/getCode
INFO: [ app_init ] --START--
INFO: Run Behavior\BuildLiteBehavior [ RunTime:0.000012s ]
INFO: [ app_init ] --END-- [ RunTime:0.000254s ]
INFO: [ app_begin ] --START--
INFO: Run Behavior\ReadHtmlCacheBehavior [ RunTime:0.000317s ]
INFO: [ app_begin ] --END-- [ RunTime:0.000357s ]
INFO: [ app_end ] --START--
INFO: Run Behavior\ShowPageTraceBehavior [ RunTime:0.000370s ]
INFO: [ app_end ] --END-- [ RunTime:0.000413s ]

[ 2017-06-30T18:35:49+08:00 ] 116.226.250.29 /App/User/user_info
INFO: [ app_init ] --START--
INFO: Run Behavior\BuildLiteBehavior [ RunTime:0.000013s ]
INFO: [ app_init ] --END-- [ RunTime:0.000299s ]
INFO: [ app_begin ] --START--
INFO: Run Behavior\ReadHtmlCacheBehavior [ RunTime:0.000331s ]
INFO: [ app_begin ] --END-- [ RunTime:0.000373s ]
SQL: SHOW COLUMNS FROM `m_user` [ RunTime:0.0010s ]
SQL: SELECT * FROM `m_user` WHERE `user_id` = 20 AND `token` = '5955ba1d99b10' LIMIT 1   [ RunTime:0.0004s ]

[ 2017-06-30T18:35:49+08:00 ] 116.226.250.29 /app/index/liveInfo
INFO: [ app_init ] --START--
INFO: Run Behavior\BuildLiteBehavior [ RunTime:0.000020s ]
INFO: [ app_init ] --END-- [ RunTime:0.000414s ]
INFO: [ app_begin ] --START--
INFO: Run Behavior\ReadHtmlCacheBehavior [ RunTime:0.000425s ]
INFO: [ app_begin ] --END-- [ RunTime:0.000474s ]
SQL: SHOW COLUMNS FROM `m_live` [ RunTime:0.0012s ]
SQL: SELECT a.live_id,a.title,a.play_img,a.play_address_m3u8,a.play_address_flv,a.play_address_rtmp,a.room_id,a.nums,a.watch_nums,b.zan,a.user_id,b.username,b.img FROM m_live a LEFT JOIN m_user b on a.user_id = b.user_id  WHERE a.live_id = '73' ORDER BY a.live_id desc LIMIT 1   [ RunTime:0.0005s ]
SQL: SHOW COLUMNS FROM `m_follow` [ RunTime:0.0007s ]
SQL: SELECT * FROM `m_follow` WHERE `user_id` = 23 AND `user_id2` = 23 LIMIT 1   [ RunTime:0.0003s ]

[ 2017-06-30T18:35:57+08:00 ] 101.226.102.60 /App/User/user_info
INFO: [ app_init ] --START--
INFO: Run Behavior\BuildLiteBehavior [ RunTime:0.000017s ]
INFO: [ app_init ] --END-- [ RunTime:0.000406s ]
INFO: [ app_begin ] --START--
INFO: Run Behavior\ReadHtmlCacheBehavior [ RunTime:0.000443s ]
INFO: [ app_begin ] --END-- [ RunTime:0.000496s ]
SQL: SHOW COLUMNS FROM `m_user` [ RunTime:0.0010s ]
SQL: SELECT * FROM `m_user` WHERE `user_id` = 20 AND `token` = '5955ba1d99b10' LIMIT 1   [ RunTime:0.0004s ]

[ 2017-06-30T18:35:57+08:00 ] 101.226.102.60 /app/index/liveInfo
INFO: [ app_init ] --START--
INFO: Run Behavior\BuildLiteBehavior [ RunTime:0.000012s ]
INFO: [ app_init ] --END-- [ RunTime:0.000262s ]
INFO: [ app_begin ] --START--
INFO: Run Behavior\ReadHtmlCacheBehavior [ RunTime:0.000319s ]
INFO: [ app_begin ] --END-- [ RunTime:0.000359s ]
SQL: SHOW COLUMNS FROM `m_live` [ RunTime:0.0009s ]
SQL: SELECT a.live_id,a.title,a.play_img,a.play_address_m3u8,a.play_address_flv,a.play_address_rtmp,a.room_id,a.nums,a.watch_nums,b.zan,a.user_id,b.username,b.img FROM m_live a LEFT JOIN m_user b on a.user_id = b.user_id  WHERE a.live_id = '73' ORDER BY a.live_id desc LIMIT 1   [ RunTime:0.0007s ]
SQL: SHOW COLUMNS FROM `m_follow` [ RunTime:0.0005s ]
SQL: SELECT * FROM `m_follow` WHERE `user_id` = 23 AND `user_id2` = 23 LIMIT 1   [ RunTime:0.0003s ]

[ 2017-06-30T18:36:18+08:00 ] 116.226.250.29 /App/User/user_info
INFO: [ app_init ] --START--
INFO: Run Behavior\BuildLiteBehavior [ RunTime:0.000012s ]
INFO: [ app_init ] --END-- [ RunTime:0.000339s ]
INFO: [ app_begin ] --START--
INFO: Run Behavior\ReadHtmlCacheBehavior [ RunTime:0.000473s ]
INFO: [ app_begin ] --END-- [ RunTime:0.000534s ]
SQL: SHOW COLUMNS FROM `m_user` [ RunTime:0.0009s ]
SQL: SELECT * FROM `m_user` WHERE `user_id` = 20 AND `token` = '5955ba1d99b10' LIMIT 1   [ RunTime:0.0004s ]

[ 2017-06-30T18:36:19+08:00 ] 116.226.250.29 /app/index/liveInfo
INFO: [ app_init ] --START--
INFO: Run Behavior\BuildLiteBehavior [ RunTime:0.000011s ]
INFO: [ app_init ] --END-- [ RunTime:0.000255s ]
INFO: [ app_begin ] --START--
INFO: Run Behavior\ReadHtmlCacheBehavior [ RunTime:0.000312s ]
INFO: [ app_begin ] --END-- [ RunTime:0.000353s ]
SQL: SHOW COLUMNS FROM `m_live` [ RunTime:0.0009s ]
SQL: SELECT a.live_id,a.title,a.play_img,a.play_address_m3u8,a.play_address_flv,a.play_address_rtmp,a.room_id,a.nums,a.watch_nums,b.zan,a.user_id,b.username,b.img FROM m_live a LEFT JOIN m_user b on a.user_id = b.user_id  WHERE a.live_id = '73' ORDER BY a.live_id desc LIMIT 1   [ RunTime:0.0004s ]
SQL: SHOW COLUMNS FROM `m_follow` [ RunTime:0.0005s ]
SQL: SELECT * FROM `m_follow` WHERE `user_id` = 23 AND `user_id2` = 23 LIMIT 1   [ RunTime:0.0003s ]

[ 2017-06-30T18:41:28+08:00 ] 116.226.250.29 /App/User/user_info
INFO: [ app_init ] --START--
INFO: Run Behavior\BuildLiteBehavior [ RunTime:0.000013s ]
INFO: [ app_init ] --END-- [ RunTime:0.000274s ]
INFO: [ app_begin ] --START--
INFO: Run Behavior\ReadHtmlCacheBehavior [ RunTime:0.000322s ]
INFO: [ app_begin ] --END-- [ RunTime:0.000361s ]
SQL: SHOW COLUMNS FROM `m_user` [ RunTime:0.0010s ]
SQL: SELECT * FROM `m_user` WHERE `user_id` = 20 AND `token` = '5955ba1d99b10' LIMIT 1   [ RunTime:0.0004s ]

[ 2017-06-30T18:41:29+08:00 ] 116.226.250.29 /app/index/liveInfo
INFO: [ app_init ] --START--
INFO: Run Behavior\BuildLiteBehavior [ RunTime:0.000014s ]
INFO: [ app_init ] --END-- [ RunTime:0.000286s ]
INFO: [ app_begin ] --START--
INFO: Run Behavior\ReadHtmlCacheBehavior [ RunTime:0.000394s ]
INFO: [ app_begin ] --END-- [ RunTime:0.000439s ]
SQL: SHOW COLUMNS FROM `m_live` [ RunTime:0.0010s ]
SQL: SELECT a.live_id,a.title,a.play_img,a.play_address_m3u8,a.play_address_flv,a.play_address_rtmp,a.room_id,a.nums,a.watch_nums,b.zan,a.user_id,b.username,b.img FROM m_live a LEFT JOIN m_user b on a.user_id = b.user_id  WHERE a.live_id = '73' ORDER BY a.live_id desc LIMIT 1   [ RunTime:0.0009s ]
SQL: SHOW COLUMNS FROM `m_follow` [ RunTime:0.0006s ]
SQL: SELECT * FROM `m_follow` WHERE `user_id` = 23 AND `user_id2` = 23 LIMIT 1   [ RunTime:0.0003s ]

[ 2017-06-30T18:41:33+08:00 ] 116.226.250.29 /App/Index/live_list
INFO: [ app_init ] --START--
INFO: Run Behavior\BuildLiteBehavior [ RunTime:0.000012s ]
INFO: [ app_init ] --END-- [ RunTime:0.000285s ]
INFO: [ app_begin ] --START--
INFO: Run Behavior\ReadHtmlCacheBehavior [ RunTime:0.000362s ]
INFO: [ app_begin ] --END-- [ RunTime:0.000409s ]
SQL: SHOW COLUMNS FROM `m_user` [ RunTime:0.0010s ]
SQL: SELECT * FROM `m_user` WHERE `user_id` = 20 AND `token` = '5955ba1d99b10' LIMIT 1   [ RunTime:0.0004s ]

[ 2017-06-30T18:41:40+08:00 ] 116.226.250.29 /App/Index/live_list
INFO: [ app_init ] --START--
INFO: Run Behavior\BuildLiteBehavior [ RunTime:0.000011s ]
INFO: [ app_init ] --END-- [ RunTime:0.000281s ]
INFO: [ app_begin ] --START--
INFO: Run Behavior\ReadHtmlCacheBehavior [ RunTime:0.000330s ]
INFO: [ app_begin ] --END-- [ RunTime:0.000372s ]
SQL: SHOW COLUMNS FROM `m_user` [ RunTime:0.0010s ]
SQL: SELECT * FROM `m_user` WHERE `user_id` = 0 AND `token` = '' LIMIT 1   [ RunTime:0.0004s ]

[ 2017-06-30T18:41:42+08:00 ] 116.226.250.29 /index.php?m=App&c=Login&a=getOpenid&code=051UicGx1mspQe0FgMFx1cf3Gx1UicGe&state=STATE
INFO: [ app_init ] --START--
INFO: Run Behavior\BuildLiteBehavior [ RunTime:0.000012s ]
INFO: [ app_init ] --END-- [ RunTime:0.000264s ]
INFO: [ app_begin ] --START--
INFO: Run Behavior\ReadHtmlCacheBehavior [ RunTime:0.000322s ]
INFO: [ app_begin ] --END-- [ RunTime:0.000361s ]
SQL: SHOW COLUMNS FROM `m_system` [ RunTime:0.0013s ]
SQL: SELECT * FROM `m_system` WHERE `id` = 1 LIMIT 1   [ RunTime:0.0005s ]
NOTIC: [8] Use of undefined constant CURLOP_TIMEOUT - assumed 'CURLOP_TIMEOUT' /mnt/data/mse/ThinkPHP/Common/functions.php 第 20 行.
NOTIC: [2] curl_setopt() expects parameter 2 to be long, string given /mnt/data/mse/ThinkPHP/Common/functions.php 第 20 行.
NOTIC: [8] Use of undefined constant CURLOP_TIMEOUT - assumed 'CURLOP_TIMEOUT' /mnt/data/mse/ThinkPHP/Common/functions.php 第 20 行.
NOTIC: [2] curl_setopt() expects parameter 2 to be long, string given /mnt/data/mse/ThinkPHP/Common/functions.php 第 20 行.
NOTIC: [8] Use of undefined constant CURLOP_TIMEOUT - assumed 'CURLOP_TIMEOUT' /mnt/data/mse/ThinkPHP/Common/functions.php 第 20 行.
NOTIC: [2] curl_setopt() expects parameter 2 to be long, string given /mnt/data/mse/ThinkPHP/Common/functions.php 第 20 行.
SQL: SHOW COLUMNS FROM `m_user` [ RunTime:0.0010s ]
SQL: SELECT `user_id`,`token`,`openid`,`hx_username`,`hx_password` FROM `m_user` WHERE `openid` = 'oq0dU1cK8Fe1hZjJkzYx4-O7KO7s' LIMIT 1   [ RunTime:0.0003s ]
SQL: SHOW COLUMNS FROM `m_system` [ RunTime:0.0007s ]
SQL: SELECT `hx_appkey_1` FROM `m_system` WHERE `id` = 1 LIMIT 1   [ RunTime:0.0007s ]
SQL: SELECT `hx_appkey_2` FROM `m_system` WHERE `id` = 1 LIMIT 1   [ RunTime:0.0003s ]
NOTIC: [8] curl_setopt(): CURLOPT_SSL_VERIFYHOST no longer accepts the value 1, value 2 will be used instead /mnt/data/mse/ThinkPHP/Common/functions.php 第 117 行.
SQL: INSERT INTO `m_user` (`hx_password`,`hx_username`,`alias`,`openid`,`token`,`intime`,`username`,`img`,`sex`,`province`,`city`) VALUES ('123456','ww4d0ajff0yu','ww4d0ajff0yu','oq0dU1cK8Fe1hZjJkzYx4-O7KO7s','59562ae6d510c','2017','有故事的花生','http://wx.qlogo.cn/mmopen/E2gaYQlGzQialY4WpsDAmtibLBIPQhEDTmXMw70ZPYTqHuzy7cicRIiaPlJSnJylcvBoN4vuqBxalzIFdtJCukzbzdibpTPbj1EQP/0','1','','') [ RunTime:0.0039s ]
SQL: SELECT * FROM `m_user` WHERE `user_id` = 27 LIMIT 1   [ RunTime:0.0007s ]
INFO: [ app_end ] --START--
INFO: Run Behavior\ShowPageTraceBehavior [ RunTime:0.000511s ]
INFO: [ app_end ] --END-- [ RunTime:0.000550s ]

[ 2017-06-30T18:41:44+08:00 ] 116.226.250.29 /App/User/user_info
INFO: [ app_init ] --START--
INFO: Run Behavior\BuildLiteBehavior [ RunTime:0.000012s ]
INFO: [ app_init ] --END-- [ RunTime:0.000274s ]
INFO: [ app_begin ] --START--
INFO: Run Behavior\ReadHtmlCacheBehavior [ RunTime:0.000325s ]
INFO: [ app_begin ] --END-- [ RunTime:0.000366s ]
SQL: SHOW COLUMNS FROM `m_user` [ RunTime:0.0012s ]
SQL: SELECT * FROM `m_user` WHERE `user_id` = 27 AND `token` = '59562ae6d510c' LIMIT 1   [ RunTime:0.0005s ]

[ 2017-06-30T18:41:44+08:00 ] 116.226.250.29 /App/Index/live_list
INFO: [ app_init ] --START--
INFO: Run Behavior\BuildLiteBehavior [ RunTime:0.000015s ]
INFO: [ app_init ] --END-- [ RunTime:0.000340s ]
INFO: [ app_begin ] --START--
INFO: Run Behavior\ReadHtmlCacheBehavior [ RunTime:0.000332s ]
INFO: [ app_begin ] --END-- [ RunTime:0.000378s ]
SQL: SHOW COLUMNS FROM `m_user` [ RunTime:0.0009s ]
SQL: SELECT * FROM `m_user` WHERE `user_id` = 27 AND `token` = '59562ae6d510c' LIMIT 1   [ RunTime:0.0004s ]
SQL: SHOW COLUMNS FROM `m_live` [ RunTime:0.0006s ]
SQL: SELECT a.*,b.phone,b.img,b.sex,b.username,b.ID,b.hx_username,b.hx_password,b.province,b.city,b.area,b.zan,b.money,b.get_money,b.url FROM m_live a INNER JOIN m_user b on a.user_id=b.user_id  WHERE a.live_status = 1 ORDER BY a.intime desc LIMIT 0,10   [ RunTime:0.0006s ]
SQL: SHOW COLUMNS FROM `m_follow` [ RunTime:0.0013s ]
SQL: SELECT * FROM `m_follow` WHERE `user_id` = 27 AND `user_id2` = 26 LIMIT 1   [ RunTime:0.0003s ]

[ 2017-06-30T18:41:50+08:00 ] 116.226.250.29 /app/index/liveInfo
INFO: [ app_init ] --START--
INFO: Run Behavior\BuildLiteBehavior [ RunTime:0.000011s ]
INFO: [ app_init ] --END-- [ RunTime:0.000279s ]
INFO: [ app_begin ] --START--
INFO: Run Behavior\ReadHtmlCacheBehavior [ RunTime:0.000316s ]
INFO: [ app_begin ] --END-- [ RunTime:0.000358s ]
SQL: SHOW COLUMNS FROM `m_live` [ RunTime:0.0010s ]
SQL: SELECT a.live_id,a.title,a.play_img,a.play_address_m3u8,a.play_address_flv,a.play_address_rtmp,a.room_id,a.nums,a.watch_nums,b.zan,a.user_id,b.username,b.img FROM m_live a LEFT JOIN m_user b on a.user_id = b.user_id  WHERE a.live_id = '77' ORDER BY a.live_id desc LIMIT 1   [ RunTime:0.0004s ]
SQL: SHOW COLUMNS FROM `m_follow` [ RunTime:0.0005s ]
SQL: SELECT * FROM `m_follow` WHERE `user_id` = 26 AND `user_id2` = 26 LIMIT 1   [ RunTime:0.0003s ]

[ 2017-06-30T18:41:57+08:00 ] 101.226.102.60 /App/Index/live_list
INFO: [ app_init ] --START--
INFO: Run Behavior\BuildLiteBehavior [ RunTime:0.000013s ]
INFO: [ app_init ] --END-- [ RunTime:0.000306s ]
INFO: [ app_begin ] --START--
INFO: Run Behavior\ReadHtmlCacheBehavior [ RunTime:0.000377s ]
INFO: [ app_begin ] --END-- [ RunTime:0.000419s ]
SQL: SHOW COLUMNS FROM `m_user` [ RunTime:0.0010s ]
SQL: SELECT * FROM `m_user` WHERE `user_id` = 20 AND `token` = '5955ba1d99b10' LIMIT 1   [ RunTime:0.0008s ]

[ 2017-06-30T18:42:06+08:00 ] 101.226.102.60 /App/User/user_info
INFO: [ app_init ] --START--
INFO: Run Behavior\BuildLiteBehavior [ RunTime:0.000011s ]
INFO: [ app_init ] --END-- [ RunTime:0.000273s ]
INFO: [ app_begin ] --START--
INFO: Run Behavior\ReadHtmlCacheBehavior [ RunTime:0.000311s ]
INFO: [ app_begin ] --END-- [ RunTime:0.000351s ]
SQL: SHOW COLUMNS FROM `m_user` [ RunTime:0.0009s ]
SQL: SELECT * FROM `m_user` WHERE `user_id` = 20 AND `token` = '5955ba1d99b10' LIMIT 1   [ RunTime:0.0005s ]

[ 2017-06-30T18:42:06+08:00 ] 101.226.102.60 /App/Index/live_list
INFO: [ app_init ] --START--
INFO: Run Behavior\BuildLiteBehavior [ RunTime:0.000011s ]
INFO: [ app_init ] --END-- [ RunTime:0.000288s ]
INFO: [ app_begin ] --START--
INFO: Run Behavior\ReadHtmlCacheBehavior [ RunTime:0.000377s ]
INFO: [ app_begin ] --END-- [ RunTime:0.000424s ]
SQL: SHOW COLUMNS FROM `m_user` [ RunTime:0.0012s ]
SQL: SELECT * FROM `m_user` WHERE `user_id` = 20 AND `token` = '5955ba1d99b10' LIMIT 1   [ RunTime:0.0004s ]

[ 2017-06-30T18:42:15+08:00 ] 101.226.102.60 /App/User/user_info
INFO: [ app_init ] --START--
INFO: Run Behavior\BuildLiteBehavior [ RunTime:0.000011s ]
INFO: [ app_init ] --END-- [ RunTime:0.000259s ]
INFO: [ app_begin ] --START--
INFO: Run Behavior\ReadHtmlCacheBehavior [ RunTime:0.000320s ]
INFO: [ app_begin ] --END-- [ RunTime:0.000361s ]
SQL: SHOW COLUMNS FROM `m_user` [ RunTime:0.0009s ]
SQL: SELECT * FROM `m_user` WHERE `user_id` = 20 AND `token` = '5955ba1d99b10' LIMIT 1   [ RunTime:0.0004s ]

[ 2017-06-30T18:42:15+08:00 ] 101.226.102.60 /App/Index/live_list
INFO: [ app_init ] --START--
INFO: Run Behavior\BuildLiteBehavior [ RunTime:0.000011s ]
INFO: [ app_init ] --END-- [ RunTime:0.000267s ]
INFO: [ app_begin ] --START--
INFO: Run Behavior\ReadHtmlCacheBehavior [ RunTime:0.000329s ]
INFO: [ app_begin ] --END-- [ RunTime:0.000370s ]
SQL: SHOW COLUMNS FROM `m_user` [ RunTime:0.0010s ]
SQL: SELECT * FROM `m_user` WHERE `user_id` = 20 AND `token` = '5955ba1d99b10' LIMIT 1   [ RunTime:0.0004s ]

[ 2017-06-30T18:46:07+08:00 ] 101.226.102.60 /App/Index/live_list
INFO: [ app_init ] --START--
INFO: Run Behavior\BuildLiteBehavior [ RunTime:0.000011s ]
INFO: [ app_init ] --END-- [ RunTime:0.000264s ]
INFO: [ app_begin ] --START--
INFO: Run Behavior\ReadHtmlCacheBehavior [ RunTime:0.000306s ]
INFO: [ app_begin ] --END-- [ RunTime:0.000346s ]
SQL: SHOW COLUMNS FROM `m_user` [ RunTime:0.0010s ]
SQL: SELECT * FROM `m_user` WHERE `user_id` = 0 AND `token` = '' LIMIT 1   [ RunTime:0.0005s ]

[ 2017-06-30T18:46:09+08:00 ] 101.226.102.60 /index.php?m=App&c=Login&a=getOpenid&code=001BoVdy1AMlNf0XVody18IWdy1BoVdL&state=STATE
INFO: [ app_init ] --START--
INFO: Run Behavior\BuildLiteBehavior [ RunTime:0.000011s ]
INFO: [ app_init ] --END-- [ RunTime:0.000257s ]
INFO: [ app_begin ] --START--
INFO: Run Behavior\ReadHtmlCacheBehavior [ RunTime:0.000327s ]
INFO: [ app_begin ] --END-- [ RunTime:0.000364s ]
SQL: SHOW COLUMNS FROM `m_system` [ RunTime:0.0010s ]
SQL: SELECT * FROM `m_system` WHERE `id` = 1 LIMIT 1   [ RunTime:0.0005s ]
NOTIC: [8] Use of undefined constant CURLOP_TIMEOUT - assumed 'CURLOP_TIMEOUT' /mnt/data/mse/ThinkPHP/Common/functions.php 第 20 行.
NOTIC: [2] curl_setopt() expects parameter 2 to be long, string given /mnt/data/mse/ThinkPHP/Common/functions.php 第 20 行.
NOTIC: [8] Use of undefined constant CURLOP_TIMEOUT - assumed 'CURLOP_TIMEOUT' /mnt/data/mse/ThinkPHP/Common/functions.php 第 20 行.
NOTIC: [2] curl_setopt() expects parameter 2 to be long, string given /mnt/data/mse/ThinkPHP/Common/functions.php 第 20 行.
NOTIC: [8] Use of undefined constant CURLOP_TIMEOUT - assumed 'CURLOP_TIMEOUT' /mnt/data/mse/ThinkPHP/Common/functions.php 第 20 行.
NOTIC: [2] curl_setopt() expects parameter 2 to be long, string given /mnt/data/mse/ThinkPHP/Common/functions.php 第 20 行.
SQL: SHOW COLUMNS FROM `m_user` [ RunTime:0.0009s ]
SQL: SELECT `user_id`,`token`,`openid`,`hx_username`,`hx_password` FROM `m_user` WHERE `openid` = 'oq0dU1cK8Fe1hZjJkzYx4-O7KO7s' LIMIT 1   [ RunTime:0.0003s ]
SQL: UPDATE `m_user` SET `img`='http://wx.qlogo.cn/mmopen/E2gaYQlGzQialY4WpsDAmtibLBIPQhEDTmXMw70ZPYTqHuzy7cicRIiaPlJSnJylcvBoN4vuqBxalzIFdtJCukzbzdibpTPbj1EQP/0',`sex`='1',`username`='有故事的花生',`province`='',`city`='' WHERE `user_id` = 27 [ RunTime:0.0030s ]
NOTIC: [8] Undefined index: phone /mnt/data/mse/Application/App/Controller/LoginController.class.php 第 97 行.
INFO: [ app_end ] --START--
INFO: Run Behavior\ShowPageTraceBehavior [ RunTime:0.000605s ]
INFO: [ app_end ] --END-- [ RunTime:0.000640s ]

[ 2017-06-30T18:46:11+08:00 ] 101.226.102.60 /App/User/user_info
INFO: [ app_init ] --START--
INFO: Run Behavior\BuildLiteBehavior [ RunTime:0.000013s ]
INFO: [ app_init ] --END-- [ RunTime:0.000302s ]
INFO: [ app_begin ] --START--
INFO: Run Behavior\ReadHtmlCacheBehavior [ RunTime:0.000335s ]
INFO: [ app_begin ] --END-- [ RunTime:0.000377s ]
SQL: SHOW COLUMNS FROM `m_user` [ RunTime:0.0009s ]
SQL: SELECT * FROM `m_user` WHERE `user_id` = 27 AND `token` = '59562ae6d510c' LIMIT 1   [ RunTime:0.0004s ]

[ 2017-06-30T18:46:11+08:00 ] 101.226.102.60 /App/Index/live_list
INFO: [ app_init ] --START--
INFO: Run Behavior\BuildLiteBehavior [ RunTime:0.000013s ]
INFO: [ app_init ] --END-- [ RunTime:0.000302s ]
INFO: [ app_begin ] --START--
INFO: Run Behavior\ReadHtmlCacheBehavior [ RunTime:0.000341s ]
INFO: [ app_begin ] --END-- [ RunTime:0.000382s ]
SQL: SHOW COLUMNS FROM `m_user` [ RunTime:0.0008s ]
SQL: SELECT * FROM `m_user` WHERE `user_id` = 27 AND `token` = '59562ae6d510c' LIMIT 1   [ RunTime:0.0004s ]
SQL: SHOW COLUMNS FROM `m_live` [ RunTime:0.0006s ]
SQL: SELECT a.*,b.phone,b.img,b.sex,b.username,b.ID,b.hx_username,b.hx_password,b.province,b.city,b.area,b.zan,b.money,b.get_money,b.url FROM m_live a INNER JOIN m_user b on a.user_id=b.user_id  WHERE a.live_status = 1 ORDER BY a.intime desc LIMIT 0,10   [ RunTime:0.0006s ]
SQL: SHOW COLUMNS FROM `m_follow` [ RunTime:0.0004s ]
SQL: SELECT * FROM `m_follow` WHERE `user_id` = 27 AND `user_id2` = 26 LIMIT 1   [ RunTime:0.0003s ]

[ 2017-06-30T18:46:16+08:00 ] 117.185.24.152 /App/User/user_info
INFO: [ app_init ] --START--
INFO: Run Behavior\BuildLiteBehavior [ RunTime:0.000017s ]
INFO: [ app_init ] --END-- [ RunTime:0.000295s ]
INFO: [ app_begin ] --START--
INFO: Run Behavior\ReadHtmlCacheBehavior [ RunTime:0.000306s ]
INFO: [ app_begin ] --END-- [ RunTime:0.000347s ]
SQL: SHOW COLUMNS FROM `m_user` [ RunTime:0.0012s ]
SQL: SELECT * FROM `m_user` WHERE `user_id` = 27 AND `token` = '59562ae6d510c' LIMIT 1   [ RunTime:0.0006s ]

[ 2017-06-30T18:46:16+08:00 ] 101.226.102.60 /App/Index/live_list
INFO: [ app_init ] --START--
INFO: Run Behavior\BuildLiteBehavior [ RunTime:0.000012s ]
INFO: [ app_init ] --END-- [ RunTime:0.000259s ]
INFO: [ app_begin ] --START--
INFO: Run Behavior\ReadHtmlCacheBehavior [ RunTime:0.000305s ]
INFO: [ app_begin ] --END-- [ RunTime:0.000344s ]
SQL: SHOW COLUMNS FROM `m_user` [ RunTime:0.0010s ]
SQL: SELECT * FROM `m_user` WHERE `user_id` = 27 AND `token` = '59562ae6d510c' LIMIT 1   [ RunTime:0.0004s ]
SQL: SHOW COLUMNS FROM `m_live` [ RunTime:0.0008s ]
SQL: SELECT a.*,b.phone,b.img,b.sex,b.username,b.ID,b.hx_username,b.hx_password,b.province,b.city,b.area,b.zan,b.money,b.get_money,b.url FROM m_live a INNER JOIN m_user b on a.user_id=b.user_id  WHERE a.live_status = 1 ORDER BY a.intime desc LIMIT 0,10   [ RunTime:0.0007s ]
SQL: SHOW COLUMNS FROM `m_follow` [ RunTime:0.0006s ]
SQL: SELECT * FROM `m_follow` WHERE `user_id` = 27 AND `user_id2` = 26 LIMIT 1   [ RunTime:0.0003s ]

[ 2017-06-30T18:46:17+08:00 ] 101.226.102.60 /app/index/liveInfo
INFO: [ app_init ] --START--
INFO: Run Behavior\BuildLiteBehavior [ RunTime:0.000013s ]
INFO: [ app_init ] --END-- [ RunTime:0.000288s ]
INFO: [ app_begin ] --START--
INFO: Run Behavior\ReadHtmlCacheBehavior [ RunTime:0.000327s ]
INFO: [ app_begin ] --END-- [ RunTime:0.000380s ]
SQL: SHOW COLUMNS FROM `m_live` [ RunTime:0.0009s ]
SQL: SELECT a.live_id,a.title,a.play_img,a.play_address_m3u8,a.play_address_flv,a.play_address_rtmp,a.room_id,a.nums,a.watch_nums,b.zan,a.user_id,b.username,b.img FROM m_live a LEFT JOIN m_user b on a.user_id = b.user_id  WHERE a.live_id = '77' ORDER BY a.live_id desc LIMIT 1   [ RunTime:0.0004s ]
SQL: SHOW COLUMNS FROM `m_follow` [ RunTime:0.0007s ]
SQL: SELECT * FROM `m_follow` WHERE `user_id` = 26 AND `user_id2` = 26 LIMIT 1   [ RunTime:0.0003s ]

[ 2017-06-30T18:46:25+08:00 ] 101.226.102.60 /App/Index/live_list
INFO: [ app_init ] --START--
INFO: Run Behavior\BuildLiteBehavior [ RunTime:0.000019s ]
INFO: [ app_init ] --END-- [ RunTime:0.000270s ]
INFO: [ app_begin ] --START--
INFO: Run Behavior\ReadHtmlCacheBehavior [ RunTime:0.000306s ]
INFO: [ app_begin ] --END-- [ RunTime:0.000348s ]
SQL: SHOW COLUMNS FROM `m_user` [ RunTime:0.0013s ]
SQL: SELECT * FROM `m_user` WHERE `user_id` = 27 AND `token` = '59562ae6d510c' LIMIT 1   [ RunTime:0.0005s ]
SQL: SHOW COLUMNS FROM `m_live` [ RunTime:0.0013s ]
SQL: SELECT a.*,b.phone,b.img,b.sex,b.username,b.ID,b.hx_username,b.hx_password,b.province,b.city,b.area,b.zan,b.money,b.get_money,b.url FROM m_live a INNER JOIN m_user b on a.user_id=b.user_id  WHERE a.live_status = 1 ORDER BY a.intime desc LIMIT 0,10   [ RunTime:0.0008s ]
SQL: SHOW COLUMNS FROM `m_follow` [ RunTime:0.0006s ]
SQL: SELECT * FROM `m_follow` WHERE `user_id` = 27 AND `user_id2` = 26 LIMIT 1   [ RunTime:0.0004s ]

[ 2017-06-30T18:46:30+08:00 ] 117.185.24.152 /app/index/liveInfo
INFO: [ app_init ] --START--
INFO: Run Behavior\BuildLiteBehavior [ RunTime:0.000011s ]
INFO: [ app_init ] --END-- [ RunTime:0.000273s ]
INFO: [ app_begin ] --START--
INFO: Run Behavior\ReadHtmlCacheBehavior [ RunTime:0.000319s ]
INFO: [ app_begin ] --END-- [ RunTime:0.000360s ]
SQL: SHOW COLUMNS FROM `m_live` [ RunTime:0.0011s ]
SQL: SELECT a.live_id,a.title,a.play_img,a.play_address_m3u8,a.play_address_flv,a.play_address_rtmp,a.room_id,a.nums,a.watch_nums,b.zan,a.user_id,b.username,b.img FROM m_live a LEFT JOIN m_user b on a.user_id = b.user_id  WHERE a.live_id = '77' ORDER BY a.live_id desc LIMIT 1   [ RunTime:0.0005s ]
SQL: SHOW COLUMNS FROM `m_follow` [ RunTime:0.0005s ]
SQL: SELECT * FROM `m_follow` WHERE `user_id` = 26 AND `user_id2` = 26 LIMIT 1   [ RunTime:0.0003s ]

[ 2017-06-30T18:47:15+08:00 ] 116.226.250.29 /App/Index/live_list
INFO: [ app_init ] --START--
INFO: Run Behavior\BuildLiteBehavior [ RunTime:0.000011s ]
INFO: [ app_init ] --END-- [ RunTime:0.000255s ]
INFO: [ app_begin ] --START--
INFO: Run Behavior\ReadHtmlCacheBehavior [ RunTime:0.000342s ]
INFO: [ app_begin ] --END-- [ RunTime:0.000383s ]
SQL: SHOW COLUMNS FROM `m_user` [ RunTime:0.0010s ]
SQL: SELECT * FROM `m_user` WHERE `user_id` = 0 AND `token` = '' LIMIT 1   [ RunTime:0.0005s ]

[ 2017-06-30T18:47:19+08:00 ] 116.226.250.29 /index.php?m=App&c=Login&a=getOpenid&code=051GbJKN1cxvf516tYIN1gIYKN1GbJKG&state=STATE
INFO: [ app_init ] --START--
INFO: Run Behavior\BuildLiteBehavior [ RunTime:0.000015s ]
INFO: [ app_init ] --END-- [ RunTime:0.000279s ]
INFO: [ app_begin ] --START--
INFO: Run Behavior\ReadHtmlCacheBehavior [ RunTime:0.000509s ]
INFO: [ app_begin ] --END-- [ RunTime:0.000550s ]
SQL: SHOW COLUMNS FROM `m_system` [ RunTime:0.0011s ]
SQL: SELECT * FROM `m_system` WHERE `id` = 1 LIMIT 1   [ RunTime:0.0010s ]
NOTIC: [8] Use of undefined constant CURLOP_TIMEOUT - assumed 'CURLOP_TIMEOUT' /mnt/data/mse/ThinkPHP/Common/functions.php 第 20 行.
NOTIC: [2] curl_setopt() expects parameter 2 to be long, string given /mnt/data/mse/ThinkPHP/Common/functions.php 第 20 行.
NOTIC: [8] Use of undefined constant CURLOP_TIMEOUT - assumed 'CURLOP_TIMEOUT' /mnt/data/mse/ThinkPHP/Common/functions.php 第 20 行.
NOTIC: [2] curl_setopt() expects parameter 2 to be long, string given /mnt/data/mse/ThinkPHP/Common/functions.php 第 20 行.
NOTIC: [8] Use of undefined constant CURLOP_TIMEOUT - assumed 'CURLOP_TIMEOUT' /mnt/data/mse/ThinkPHP/Common/functions.php 第 20 行.
NOTIC: [2] curl_setopt() expects parameter 2 to be long, string given /mnt/data/mse/ThinkPHP/Common/functions.php 第 20 行.
SQL: SHOW COLUMNS FROM `m_user` [ RunTime:0.0010s ]
SQL: SELECT `user_id`,`token`,`openid`,`hx_username`,`hx_password` FROM `m_user` WHERE `openid` = 'oq0dU1cK8Fe1hZjJkzYx4-O7KO7s' LIMIT 1   [ RunTime:0.0004s ]
SQL: UPDATE `m_user` SET `img`='http://wx.qlogo.cn/mmopen/E2gaYQlGzQialY4WpsDAmtibLBIPQhEDTmXMw70ZPYTqHuzy7cicRIiaPlJSnJylcvBoN4vuqBxalzIFdtJCukzbzdibpTPbj1EQP/0',`sex`='1',`username`='有故事的花生',`province`='',`city`='' WHERE `user_id` = 27 [ RunTime:0.0033s ]
NOTIC: [8] Undefined index: phone /mnt/data/mse/Application/App/Controller/LoginController.class.php 第 97 行.
INFO: [ app_end ] --START--
INFO: Run Behavior\ShowPageTraceBehavior [ RunTime:0.000621s ]
INFO: [ app_end ] --END-- [ RunTime:0.000669s ]

[ 2017-06-30T18:47:21+08:00 ] 116.226.250.29 /App/User/user_info
INFO: [ app_init ] --START--
INFO: Run Behavior\BuildLiteBehavior [ RunTime:0.000011s ]
INFO: [ app_init ] --END-- [ RunTime:0.000264s ]
INFO: [ app_begin ] --START--
INFO: Run Behavior\ReadHtmlCacheBehavior [ RunTime:0.000319s ]
INFO: [ app_begin ] --END-- [ RunTime:0.000380s ]
SQL: SHOW COLUMNS FROM `m_user` [ RunTime:0.0010s ]
SQL: SELECT * FROM `m_user` WHERE `user_id` = 27 AND `token` = '59562ae6d510c' LIMIT 1   [ RunTime:0.0005s ]

[ 2017-06-30T18:47:21+08:00 ] 116.226.250.29 /App/Index/live_list
INFO: [ app_init ] --START--
INFO: Run Behavior\BuildLiteBehavior [ RunTime:0.000026s ]
INFO: [ app_init ] --END-- [ RunTime:0.000385s ]
INFO: [ app_begin ] --START--
INFO: Run Behavior\ReadHtmlCacheBehavior [ RunTime:0.000349s ]
INFO: [ app_begin ] --END-- [ RunTime:0.000397s ]
SQL: SHOW COLUMNS FROM `m_user` [ RunTime:0.0011s ]
SQL: SELECT * FROM `m_user` WHERE `user_id` = 27 AND `token` = '59562ae6d510c' LIMIT 1   [ RunTime:0.0005s ]
SQL: SHOW COLUMNS FROM `m_live` [ RunTime:0.0006s ]
SQL: SELECT a.*,b.phone,b.img,b.sex,b.username,b.ID,b.hx_username,b.hx_password,b.province,b.city,b.area,b.zan,b.money,b.get_money,b.url FROM m_live a INNER JOIN m_user b on a.user_id=b.user_id  WHERE a.live_status = 1 ORDER BY a.intime desc LIMIT 0,10   [ RunTime:0.0005s ]
SQL: SHOW COLUMNS FROM `m_follow` [ RunTime:0.0006s ]
SQL: SELECT * FROM `m_follow` WHERE `user_id` = 27 AND `user_id2` = 26 LIMIT 1   [ RunTime:0.0003s ]

[ 2017-06-30T18:49:10+08:00 ] 101.226.102.60 /App/Index/live_list
INFO: [ app_init ] --START--
INFO: Run Behavior\BuildLiteBehavior [ RunTime:0.000026s ]
INFO: [ app_init ] --END-- [ RunTime:0.000275s ]
INFO: [ app_begin ] --START--
INFO: Run Behavior\ReadHtmlCacheBehavior [ RunTime:0.000317s ]
INFO: [ app_begin ] --END-- [ RunTime:0.000357s ]
SQL: SHOW COLUMNS FROM `m_user` [ RunTime:0.0010s ]
SQL: SELECT * FROM `m_user` WHERE `user_id` = 27 AND `token` = '59562ae6d510c' LIMIT 1   [ RunTime:0.0005s ]
SQL: SHOW COLUMNS FROM `m_live` [ RunTime:0.0006s ]
SQL: SELECT a.*,b.phone,b.img,b.sex,b.username,b.ID,b.hx_username,b.hx_password,b.province,b.city,b.area,b.zan,b.money,b.get_money,b.url FROM m_live a INNER JOIN m_user b on a.user_id=b.user_id  WHERE a.live_status = 1 ORDER BY a.intime desc LIMIT 0,10   [ RunTime:0.0006s ]
SQL: SHOW COLUMNS FROM `m_follow` [ RunTime:0.0009s ]
SQL: SELECT * FROM `m_follow` WHERE `user_id` = 27 AND `user_id2` = 26 LIMIT 1   [ RunTime:0.0003s ]

[ 2017-06-30T18:50:17+08:00 ] 116.226.250.29 /App/Index/live_list
INFO: [ app_init ] --START--
INFO: Run Behavior\BuildLiteBehavior [ RunTime:0.000013s ]
INFO: [ app_init ] --END-- [ RunTime:0.000297s ]
INFO: [ app_begin ] --START--
INFO: Run Behavior\ReadHtmlCacheBehavior [ RunTime:0.000333s ]
INFO: [ app_begin ] --END-- [ RunTime:0.000380s ]
SQL: SHOW COLUMNS FROM `m_user` [ RunTime:0.0009s ]
SQL: SELECT * FROM `m_user` WHERE `user_id` = 27 AND `token` = '59562ae6d510c' LIMIT 1   [ RunTime:0.0005s ]
SQL: SHOW COLUMNS FROM `m_live` [ RunTime:0.0006s ]
SQL: SELECT a.*,b.phone,b.img,b.sex,b.username,b.ID,b.hx_username,b.hx_password,b.province,b.city,b.area,b.zan,b.money,b.get_money,b.url FROM m_live a INNER JOIN m_user b on a.user_id=b.user_id  WHERE a.live_status = 1 ORDER BY a.intime desc LIMIT 0,10   [ RunTime:0.0007s ]
SQL: SHOW COLUMNS FROM `m_follow` [ RunTime:0.0005s ]
SQL: SELECT * FROM `m_follow` WHERE `user_id` = 27 AND `user_id2` = 26 LIMIT 1   [ RunTime:0.0003s ]

[ 2017-06-30T18:50:18+08:00 ] 116.226.250.29 /App/User/user_info
INFO: [ app_init ] --START--
INFO: Run Behavior\BuildLiteBehavior [ RunTime:0.000015s ]
INFO: [ app_init ] --END-- [ RunTime:0.000309s ]
INFO: [ app_begin ] --START--
INFO: Run Behavior\ReadHtmlCacheBehavior [ RunTime:0.000332s ]
INFO: [ app_begin ] --END-- [ RunTime:0.000374s ]
SQL: SHOW COLUMNS FROM `m_user` [ RunTime:0.0013s ]
SQL: SELECT * FROM `m_user` WHERE `user_id` = 27 AND `token` = '59562ae6d510c' LIMIT 1   [ RunTime:0.0005s ]

[ 2017-06-30T18:52:49+08:00 ] 116.226.250.29 /App/Index/live_list
INFO: [ app_init ] --START--
INFO: Run Behavior\BuildLiteBehavior [ RunTime:0.000011s ]
INFO: [ app_init ] --END-- [ RunTime:0.000254s ]
INFO: [ app_begin ] --START--
INFO: Run Behavior\ReadHtmlCacheBehavior [ RunTime:0.000303s ]
INFO: [ app_begin ] --END-- [ RunTime:0.000343s ]
SQL: SHOW COLUMNS FROM `m_user` [ RunTime:0.0009s ]
SQL: SELECT * FROM `m_user` WHERE `user_id` = 0 AND `token` = '' LIMIT 1   [ RunTime:0.0004s ]

[ 2017-06-30T19:35:09+08:00 ] 116.226.250.29 /App/User/user_info
INFO: [ app_init ] --START--
INFO: Run Behavior\BuildLiteBehavior [ RunTime:0.000011s ]
INFO: [ app_init ] --END-- [ RunTime:0.000271s ]
INFO: [ app_begin ] --START--
INFO: Run Behavior\ReadHtmlCacheBehavior [ RunTime:0.000308s ]
INFO: [ app_begin ] --END-- [ RunTime:0.000349s ]
SQL: SHOW COLUMNS FROM `m_user` [ RunTime:0.0010s ]
SQL: SELECT * FROM `m_user` WHERE `user_id` = 27 AND `token` = '59562ae6d510c' LIMIT 1   [ RunTime:0.0004s ]

[ 2017-06-30T19:35:09+08:00 ] 116.226.250.29 /App/Index/live_list
INFO: [ app_init ] --START--
INFO: Run Behavior\BuildLiteBehavior [ RunTime:0.000015s ]
INFO: [ app_init ] --END-- [ RunTime:0.000289s ]
INFO: [ app_begin ] --START--
INFO: Run Behavior\ReadHtmlCacheBehavior [ RunTime:0.000328s ]
INFO: [ app_begin ] --END-- [ RunTime:0.000369s ]
SQL: SHOW COLUMNS FROM `m_user` [ RunTime:0.0010s ]
SQL: SELECT * FROM `m_user` WHERE `user_id` = 27 AND `token` = '59562ae6d510c' LIMIT 1   [ RunTime:0.0004s ]
SQL: SHOW COLUMNS FROM `m_live` [ RunTime:0.0006s ]
SQL: SELECT a.*,b.phone,b.img,b.sex,b.username,b.ID,b.hx_username,b.hx_password,b.province,b.city,b.area,b.zan,b.money,b.get_money,b.url FROM m_live a INNER JOIN m_user b on a.user_id=b.user_id  WHERE a.live_status = 1 ORDER BY a.intime desc LIMIT 0,10   [ RunTime:0.0005s ]
SQL: SHOW COLUMNS FROM `m_follow` [ RunTime:0.0005s ]
SQL: SELECT * FROM `m_follow` WHERE `user_id` = 27 AND `user_id2` = 26 LIMIT 1   [ RunTime:0.0003s ]

[ 2017-06-30T19:35:13+08:00 ] 116.226.250.29 /app/index/liveInfo
INFO: [ app_init ] --START--
INFO: Run Behavior\BuildLiteBehavior [ RunTime:0.000013s ]
INFO: [ app_init ] --END-- [ RunTime:0.000276s ]
INFO: [ app_begin ] --START--
INFO: Run Behavior\ReadHtmlCacheBehavior [ RunTime:0.000375s ]
INFO: [ app_begin ] --END-- [ RunTime:0.000422s ]
SQL: SHOW COLUMNS FROM `m_live` [ RunTime:0.0009s ]
SQL: SELECT a.live_id,a.title,a.play_img,a.play_address_m3u8,a.play_address_flv,a.play_address_rtmp,a.room_id,a.nums,a.watch_nums,b.zan,a.user_id,b.username,b.img FROM m_live a LEFT JOIN m_user b on a.user_id = b.user_id  WHERE a.live_id = '77' ORDER BY a.live_id desc LIMIT 1   [ RunTime:0.0005s ]
SQL: SHOW COLUMNS FROM `m_follow` [ RunTime:0.0007s ]
SQL: SELECT * FROM `m_follow` WHERE `user_id` = 26 AND `user_id2` = 26 LIMIT 1   [ RunTime:0.0005s ]

[ 2017-06-30T19:35:32+08:00 ] 117.185.24.152 /App/User/user_info
INFO: [ app_init ] --START--
INFO: Run Behavior\BuildLiteBehavior [ RunTime:0.000014s ]
INFO: [ app_init ] --END-- [ RunTime:0.000272s ]
INFO: [ app_begin ] --START--
INFO: Run Behavior\ReadHtmlCacheBehavior [ RunTime:0.000327s ]
INFO: [ app_begin ] --END-- [ RunTime:0.000366s ]
SQL: SHOW COLUMNS FROM `m_user` [ RunTime:0.0015s ]
SQL: SELECT * FROM `m_user` WHERE `user_id` = 27 AND `token` = '59562ae6d510c' LIMIT 1   [ RunTime:0.0005s ]

[ 2017-06-30T19:35:32+08:00 ] 101.226.102.60 /App/Index/live_list
INFO: [ app_init ] --START--
INFO: Run Behavior\BuildLiteBehavior [ RunTime:0.000012s ]
INFO: [ app_init ] --END-- [ RunTime:0.000275s ]
INFO: [ app_begin ] --START--
INFO: Run Behavior\ReadHtmlCacheBehavior [ RunTime:0.000315s ]
INFO: [ app_begin ] --END-- [ RunTime:0.000372s ]
SQL: SHOW COLUMNS FROM `m_user` [ RunTime:0.0010s ]
SQL: SELECT * FROM `m_user` WHERE `user_id` = 27 AND `token` = '59562ae6d510c' LIMIT 1   [ RunTime:0.0004s ]
SQL: SHOW COLUMNS FROM `m_live` [ RunTime:0.0006s ]
SQL: SELECT a.*,b.phone,b.img,b.sex,b.username,b.ID,b.hx_username,b.hx_password,b.province,b.city,b.area,b.zan,b.money,b.get_money,b.url FROM m_live a INNER JOIN m_user b on a.user_id=b.user_id  WHERE a.live_status = 1 ORDER BY a.intime desc LIMIT 0,10   [ RunTime:0.0008s ]
SQL: SHOW COLUMNS FROM `m_follow` [ RunTime:0.0005s ]
SQL: SELECT * FROM `m_follow` WHERE `user_id` = 27 AND `user_id2` = 26 LIMIT 1   [ RunTime:0.0003s ]

[ 2017-06-30T19:41:47+08:00 ] 116.226.250.29 /App/Index/live_list
INFO: [ app_init ] --START--
INFO: Run Behavior\BuildLiteBehavior [ RunTime:0.000011s ]
INFO: [ app_init ] --END-- [ RunTime:0.000250s ]
INFO: [ app_begin ] --START--
INFO: Run Behavior\ReadHtmlCacheBehavior [ RunTime:0.000329s ]
INFO: [ app_begin ] --END-- [ RunTime:0.000368s ]
SQL: SHOW COLUMNS FROM `m_user` [ RunTime:0.0010s ]
SQL: SELECT * FROM `m_user` WHERE `user_id` = 27 AND `token` = '59562ae6d510c' LIMIT 1   [ RunTime:0.0004s ]
SQL: SHOW COLUMNS FROM `m_live` [ RunTime:0.0008s ]
SQL: SELECT a.*,b.phone,b.img,b.sex,b.username,b.ID,b.hx_username,b.hx_password,b.province,b.city,b.area,b.zan,b.money,b.get_money,b.url FROM m_live a INNER JOIN m_user b on a.user_id=b.user_id  WHERE a.live_status = 1 ORDER BY a.intime desc LIMIT 0,10   [ RunTime:0.0007s ]
SQL: SHOW COLUMNS FROM `m_follow` [ RunTime:0.0005s ]
SQL: SELECT * FROM `m_follow` WHERE `user_id` = 27 AND `user_id2` = 26 LIMIT 1   [ RunTime:0.0003s ]

[ 2017-06-30T19:41:48+08:00 ] 116.226.250.29 /App/User/user_info
INFO: [ app_init ] --START--
INFO: Run Behavior\BuildLiteBehavior [ RunTime:0.000010s ]
INFO: [ app_init ] --END-- [ RunTime:0.000248s ]
INFO: [ app_begin ] --START--
INFO: Run Behavior\ReadHtmlCacheBehavior [ RunTime:0.000310s ]
INFO: [ app_begin ] --END-- [ RunTime:0.000349s ]
SQL: SHOW COLUMNS FROM `m_user` [ RunTime:0.0009s ]
SQL: SELECT * FROM `m_user` WHERE `user_id` = 27 AND `token` = '59562ae6d510c' LIMIT 1   [ RunTime:0.0005s ]

[ 2017-06-30T19:41:52+08:00 ] 116.226.250.29 /App/User/user_info
INFO: [ app_init ] --START--
INFO: Run Behavior\BuildLiteBehavior [ RunTime:0.000011s ]
INFO: [ app_init ] --END-- [ RunTime:0.000293s ]
INFO: [ app_begin ] --START--
INFO: Run Behavior\ReadHtmlCacheBehavior [ RunTime:0.000306s ]
INFO: [ app_begin ] --END-- [ RunTime:0.000346s ]
SQL: SHOW COLUMNS FROM `m_user` [ RunTime:0.0013s ]
SQL: SELECT * FROM `m_user` WHERE `user_id` = 27 AND `token` = '59562ae6d510c' LIMIT 1   [ RunTime:0.0007s ]

[ 2017-06-30T19:41:52+08:00 ] 116.226.250.29 /App/Index/live_list
INFO: [ app_init ] --START--
INFO: Run Behavior\BuildLiteBehavior [ RunTime:0.000012s ]
INFO: [ app_init ] --END-- [ RunTime:0.000311s ]
INFO: [ app_begin ] --START--
INFO: Run Behavior\ReadHtmlCacheBehavior [ RunTime:0.000317s ]
INFO: [ app_begin ] --END-- [ RunTime:0.000359s ]
SQL: SHOW COLUMNS FROM `m_user` [ RunTime:0.0009s ]
SQL: SELECT * FROM `m_user` WHERE `user_id` = 27 AND `token` = '59562ae6d510c' LIMIT 1   [ RunTime:0.0004s ]
SQL: SHOW COLUMNS FROM `m_live` [ RunTime:0.0008s ]
SQL: SELECT a.*,b.phone,b.img,b.sex,b.username,b.ID,b.hx_username,b.hx_password,b.province,b.city,b.area,b.zan,b.money,b.get_money,b.url FROM m_live a INNER JOIN m_user b on a.user_id=b.user_id  WHERE a.live_status = 1 ORDER BY a.intime desc LIMIT 0,10   [ RunTime:0.0006s ]
SQL: SHOW COLUMNS FROM `m_follow` [ RunTime:0.0005s ]
SQL: SELECT * FROM `m_follow` WHERE `user_id` = 27 AND `user_id2` = 26 LIMIT 1   [ RunTime:0.0004s ]

[ 2017-06-30T19:41:57+08:00 ] 116.226.250.29 /app/index/liveInfo
INFO: [ app_init ] --START--
INFO: Run Behavior\BuildLiteBehavior [ RunTime:0.000012s ]
INFO: [ app_init ] --END-- [ RunTime:0.000262s ]
INFO: [ app_begin ] --START--
INFO: Run Behavior\ReadHtmlCacheBehavior [ RunTime:0.000313s ]
INFO: [ app_begin ] --END-- [ RunTime:0.000353s ]
SQL: SHOW COLUMNS FROM `m_live` [ RunTime:0.0023s ]
SQL: SELECT a.live_id,a.title,a.play_img,a.play_address_m3u8,a.play_address_flv,a.play_address_rtmp,a.room_id,a.nums,a.watch_nums,b.zan,a.user_id,b.username,b.img FROM m_live a LEFT JOIN m_user b on a.user_id = b.user_id  WHERE a.live_id = '77' ORDER BY a.live_id desc LIMIT 1   [ RunTime:0.0007s ]
SQL: SHOW COLUMNS FROM `m_follow` [ RunTime:0.0007s ]
SQL: SELECT * FROM `m_follow` WHERE `user_id` = 26 AND `user_id2` = 26 LIMIT 1   [ RunTime:0.0003s ]

[ 2017-06-30T19:41:59+08:00 ] 116.226.250.29 /App/Index/live_list
INFO: [ app_init ] --START--
INFO: Run Behavior\BuildLiteBehavior [ RunTime:0.000012s ]
INFO: [ app_init ] --END-- [ RunTime:0.000265s ]
INFO: [ app_begin ] --START--
INFO: Run Behavior\ReadHtmlCacheBehavior [ RunTime:0.000308s ]
INFO: [ app_begin ] --END-- [ RunTime:0.000349s ]
SQL: SHOW COLUMNS FROM `m_user` [ RunTime:0.0010s ]
SQL: SELECT * FROM `m_user` WHERE `user_id` = 27 AND `token` = '59562ae6d510c' LIMIT 1   [ RunTime:0.0004s ]
SQL: SHOW COLUMNS FROM `m_live` [ RunTime:0.0006s ]
SQL: SELECT a.*,b.phone,b.img,b.sex,b.username,b.ID,b.hx_username,b.hx_password,b.province,b.city,b.area,b.zan,b.money,b.get_money,b.url FROM m_live a INNER JOIN m_user b on a.user_id=b.user_id  WHERE a.live_status = 1 ORDER BY a.intime desc LIMIT 0,10   [ RunTime:0.0006s ]
SQL: SHOW COLUMNS FROM `m_follow` [ RunTime:0.0005s ]
SQL: SELECT * FROM `m_follow` WHERE `user_id` = 27 AND `user_id2` = 26 LIMIT 1   [ RunTime:0.0005s ]

[ 2017-06-30T19:43:50+08:00 ] 101.226.102.60 /app/index/liveInfo
INFO: [ app_init ] --START--
INFO: Run Behavior\BuildLiteBehavior [ RunTime:0.000011s ]
INFO: [ app_init ] --END-- [ RunTime:0.000250s ]
INFO: [ app_begin ] --START--
INFO: Run Behavior\ReadHtmlCacheBehavior [ RunTime:0.000305s ]
INFO: [ app_begin ] --END-- [ RunTime:0.000344s ]
SQL: SHOW COLUMNS FROM `m_live` [ RunTime:0.0011s ]
SQL: SELECT a.live_id,a.title,a.play_img,a.play_address_m3u8,a.play_address_flv,a.play_address_rtmp,a.room_id,a.nums,a.watch_nums,b.zan,a.user_id,b.username,b.img FROM m_live a LEFT JOIN m_user b on a.user_id = b.user_id  WHERE a.live_id = '77' ORDER BY a.live_id desc LIMIT 1   [ RunTime:0.0005s ]
SQL: SHOW COLUMNS FROM `m_follow` [ RunTime:0.0006s ]
SQL: SELECT * FROM `m_follow` WHERE `user_id` = 26 AND `user_id2` = 26 LIMIT 1   [ RunTime:0.0003s ]

[ 2017-06-30T20:06:09+08:00 ] 116.226.250.29 /App/User/user_info
INFO: [ app_init ] --START--
INFO: Run Behavior\BuildLiteBehavior [ RunTime:0.000015s ]
INFO: [ app_init ] --END-- [ RunTime:0.000269s ]
INFO: [ app_begin ] --START--
INFO: Run Behavior\ReadHtmlCacheBehavior [ RunTime:0.000329s ]
INFO: [ app_begin ] --END-- [ RunTime:0.000370s ]
SQL: SHOW COLUMNS FROM `m_user` [ RunTime:0.0012s ]
SQL: SELECT * FROM `m_user` WHERE `user_id` = 27 AND `token` = '59562ae6d510c' LIMIT 1   [ RunTime:0.0005s ]

[ 2017-06-30T20:06:09+08:00 ] 116.226.250.29 /App/Index/live_list
INFO: [ app_init ] --START--
INFO: Run Behavior\BuildLiteBehavior [ RunTime:0.000012s ]
INFO: [ app_init ] --END-- [ RunTime:0.000270s ]
INFO: [ app_begin ] --START--
INFO: Run Behavior\ReadHtmlCacheBehavior [ RunTime:0.000320s ]
INFO: [ app_begin ] --END-- [ RunTime:0.000361s ]
SQL: SHOW COLUMNS FROM `m_user` [ RunTime:0.0012s ]
SQL: SELECT * FROM `m_user` WHERE `user_id` = 27 AND `token` = '59562ae6d510c' LIMIT 1   [ RunTime:0.0005s ]
SQL: SHOW COLUMNS FROM `m_live` [ RunTime:0.0008s ]
SQL: SELECT a.*,b.phone,b.img,b.sex,b.username,b.ID,b.hx_username,b.hx_password,b.province,b.city,b.area,b.zan,b.money,b.get_money,b.url FROM m_live a INNER JOIN m_user b on a.user_id=b.user_id  WHERE a.live_status = 1 ORDER BY a.intime desc LIMIT 0,10   [ RunTime:0.0007s ]
SQL: SHOW COLUMNS FROM `m_follow` [ RunTime:0.0006s ]
SQL: SELECT * FROM `m_follow` WHERE `user_id` = 27 AND `user_id2` = 26 LIMIT 1   [ RunTime:0.0003s ]

[ 2017-06-30T22:01:56+08:00 ] 211.161.248.27 /App/CheckCode/getCode
INFO: [ app_init ] --START--
INFO: Run Behavior\BuildLiteBehavior [ RunTime:0.000019s ]
INFO: [ app_init ] --END-- [ RunTime:0.000420s ]
INFO: [ app_begin ] --START--
INFO: Run Behavior\ReadHtmlCacheBehavior [ RunTime:0.000347s ]
INFO: [ app_begin ] --END-- [ RunTime:0.000387s ]
INFO: [ app_end ] --START--
INFO: Run Behavior\ShowPageTraceBehavior [ RunTime:0.000398s ]
INFO: [ app_end ] --END-- [ RunTime:0.000442s ]

