[ 2017-07-01T06:01:30+08:00 ] 211.161.248.27 /Tourist/login.html
INFO: [ app_init ] --START--
INFO: Run Behavior\BuildLiteBehavior [ RunTime:0.000012s ]
INFO: [ app_init ] --END-- [ RunTime:0.000311s ]
INFO: [ app_begin ] --START--
INFO: Run Behavior\ReadHtmlCacheBehavior [ RunTime:0.000393s ]
INFO: [ app_begin ] --END-- [ RunTime:0.000444s ]
NOTIC: [8] Undefined index: user /mnt/data/mse/Application/Admin/Controller/TouristController.class.php 第 10 行.
SQL: SHOW COLUMNS FROM `m_system` [ RunTime:0.0019s ]
SQL: SELECT `title` FROM `m_system` WHERE `id` = 1 LIMIT 1   [ RunTime:0.0003s ]
INFO: [ view_parse ] --START--
INFO: [ template_filter ] --START--
INFO: Run Behavior\ContentReplaceBehavior [ RunTime:0.000032s ]
INFO: [ template_filter ] --END-- [ RunTime:0.000067s ]
INFO: Run Behavior\ParseTemplateBehavior [ RunTime:0.004205s ]
INFO: [ view_parse ] --END-- [ RunTime:0.004244s ]
INFO: [ view_filter ] --START--
INFO: Run Behavior\WriteHtmlCacheBehavior [ RunTime:0.000155s ]
INFO: [ view_filter ] --END-- [ RunTime:0.000189s ]
INFO: [ app_end ] --START--
INFO: Run Behavior\ShowPageTraceBehavior [ RunTime:0.000425s ]
INFO: [ app_end ] --END-- [ RunTime:0.000466s ]

[ 2017-07-01T06:01:40+08:00 ] 101.226.125.105 /Tourist/login.html
INFO: [ app_init ] --START--
INFO: Run Behavior\BuildLiteBehavior [ RunTime:0.000012s ]
INFO: [ app_init ] --END-- [ RunTime:0.000291s ]
INFO: [ app_begin ] --START--
INFO: Run Behavior\ReadHtmlCacheBehavior [ RunTime:0.000364s ]
INFO: [ app_begin ] --END-- [ RunTime:0.000401s ]
NOTIC: [8] Undefined index: user /mnt/data/mse/Application/Admin/Controller/TouristController.class.php 第 10 行.
SQL: SHOW COLUMNS FROM `m_system` [ RunTime:0.0010s ]
SQL: SELECT `title` FROM `m_system` WHERE `id` = 1 LIMIT 1   [ RunTime:0.0003s ]
INFO: [ view_parse ] --START--
INFO: [ template_filter ] --START--
INFO: Run Behavior\ContentReplaceBehavior [ RunTime:0.000034s ]
INFO: [ template_filter ] --END-- [ RunTime:0.000070s ]
INFO: Run Behavior\ParseTemplateBehavior [ RunTime:0.004420s ]
INFO: [ view_parse ] --END-- [ RunTime:0.004462s ]
INFO: [ view_filter ] --START--
INFO: Run Behavior\WriteHtmlCacheBehavior [ RunTime:0.000147s ]
INFO: [ view_filter ] --END-- [ RunTime:0.000176s ]
INFO: [ app_end ] --START--
INFO: Run Behavior\ShowPageTraceBehavior [ RunTime:0.000442s ]
INFO: [ app_end ] --END-- [ RunTime:0.000482s ]

[ 2017-07-01T14:23:34+08:00 ] 211.161.248.24 /index.php
INFO: [ app_init ] --START--
INFO: Run Behavior\BuildLiteBehavior [ RunTime:0.000013s ]
INFO: [ app_init ] --END-- [ RunTime:0.000286s ]
INFO: [ app_begin ] --START--
INFO: Run Behavior\ReadHtmlCacheBehavior [ RunTime:0.000318s ]
INFO: [ app_begin ] --END-- [ RunTime:0.000357s ]

[ 2017-07-01T14:23:34+08:00 ] 211.161.248.24 /Tourist/login.html
INFO: [ app_init ] --START--
INFO: Run Behavior\BuildLiteBehavior [ RunTime:0.000012s ]
INFO: [ app_init ] --END-- [ RunTime:0.000263s ]
INFO: [ app_begin ] --START--
INFO: Run Behavior\ReadHtmlCacheBehavior [ RunTime:0.000339s ]
INFO: [ app_begin ] --END-- [ RunTime:0.000378s ]
NOTIC: [8] Undefined index: user /mnt/data/mse/Application/Admin/Controller/TouristController.class.php 第 10 行.
SQL: SHOW COLUMNS FROM `m_system` [ RunTime:0.0011s ]
SQL: SELECT `title` FROM `m_system` WHERE `id` = 1 LIMIT 1   [ RunTime:0.0003s ]
INFO: [ view_parse ] --START--
INFO: [ template_filter ] --START--
INFO: Run Behavior\ContentReplaceBehavior [ RunTime:0.000036s ]
INFO: [ template_filter ] --END-- [ RunTime:0.000073s ]
INFO: Run Behavior\ParseTemplateBehavior [ RunTime:0.004124s ]
INFO: [ view_parse ] --END-- [ RunTime:0.004156s ]
INFO: [ view_filter ] --START--
INFO: Run Behavior\WriteHtmlCacheBehavior [ RunTime:0.000160s ]
INFO: [ view_filter ] --END-- [ RunTime:0.000189s ]
INFO: [ app_end ] --START--
INFO: Run Behavior\ShowPageTraceBehavior [ RunTime:0.000344s ]
INFO: [ app_end ] --END-- [ RunTime:0.000379s ]

[ 2017-07-01T14:23:53+08:00 ] 211.161.248.24 /Admin/Tourist/checkLogin.html
INFO: [ app_init ] --START--
INFO: Run Behavior\BuildLiteBehavior [ RunTime:0.000012s ]
INFO: [ app_init ] --END-- [ RunTime:0.000286s ]
INFO: [ app_begin ] --START--
INFO: Run Behavior\ReadHtmlCacheBehavior [ RunTime:0.000306s ]
INFO: [ app_begin ] --END-- [ RunTime:0.000347s ]
SQL: SHOW COLUMNS FROM `m_member` [ RunTime:0.0008s ]
SQL: SELECT * FROM `m_member` WHERE `username` = 'admin' AND `password` = 'e10adc3949ba59abbe56e057f20f883e' LIMIT 1   [ RunTime:0.0003s ]
INFO: [ view_parse ] --START--
INFO: [ template_filter ] --START--
INFO: Run Behavior\ContentReplaceBehavior [ RunTime:0.000029s ]
INFO: [ template_filter ] --END-- [ RunTime:0.000062s ]
INFO: Run Behavior\ParseTemplateBehavior [ RunTime:0.004567s ]
INFO: [ view_parse ] --END-- [ RunTime:0.004602s ]
INFO: [ view_filter ] --START--
INFO: Run Behavior\WriteHtmlCacheBehavior [ RunTime:0.000123s ]
INFO: [ view_filter ] --END-- [ RunTime:0.000149s ]
INFO: [ app_end ] --START--
INFO: Run Behavior\ShowPageTraceBehavior [ RunTime:0.000323s ]
INFO: [ app_end ] --END-- [ RunTime:0.000352s ]

[ 2017-07-01T14:23:54+08:00 ] 211.161.248.24 /Index/index.html
INFO: [ app_init ] --START--
INFO: Run Behavior\BuildLiteBehavior [ RunTime:0.000011s ]
INFO: [ app_init ] --END-- [ RunTime:0.000270s ]
INFO: [ app_begin ] --START--
INFO: Run Behavior\ReadHtmlCacheBehavior [ RunTime:0.000307s ]
INFO: [ app_begin ] --END-- [ RunTime:0.000346s ]
INFO: [ view_parse ] --START--
INFO: [ template_filter ] --START--
INFO: Run Behavior\ContentReplaceBehavior [ RunTime:0.000029s ]
INFO: [ template_filter ] --END-- [ RunTime:0.000066s ]
INFO: Run Behavior\ParseTemplateBehavior [ RunTime:0.003534s ]
INFO: [ view_parse ] --END-- [ RunTime:0.003570s ]
INFO: [ view_filter ] --START--
INFO: Run Behavior\WriteHtmlCacheBehavior [ RunTime:0.000161s ]
INFO: [ view_filter ] --END-- [ RunTime:0.000188s ]
INFO: [ app_end ] --START--
INFO: Run Behavior\ShowPageTraceBehavior [ RunTime:0.000340s ]
INFO: [ app_end ] --END-- [ RunTime:0.000371s ]

[ 2017-07-01T14:23:54+08:00 ] 211.161.248.24 /Index/getMenus.html
INFO: [ app_init ] --START--
INFO: Run Behavior\BuildLiteBehavior [ RunTime:0.000010s ]
INFO: [ app_init ] --END-- [ RunTime:0.000249s ]
INFO: [ app_begin ] --START--
INFO: Run Behavior\ReadHtmlCacheBehavior [ RunTime:0.000352s ]
INFO: [ app_begin ] --END-- [ RunTime:0.000394s ]
SQL: SHOW COLUMNS FROM `m_menus` [ RunTime:0.0010s ]
SQL: SELECT * FROM `m_menus` WHERE `level` = 2 AND `status` = 1 ORDER BY px asc  [ RunTime:0.0005s ]
SQL: SELECT * FROM `m_menus` WHERE `pid` = 353 AND `status` = 1 ORDER BY px asc  [ RunTime:0.0005s ]
SQL: SELECT * FROM `m_menus` WHERE `pid` = 419 AND `status` = 1 ORDER BY px asc  [ RunTime:0.0004s ]
SQL: SELECT * FROM `m_menus` WHERE `pid` = 430 AND `status` = 1 ORDER BY px asc  [ RunTime:0.0003s ]
SQL: SELECT * FROM `m_menus` WHERE `pid` = 104 AND `status` = 1 ORDER BY px asc  [ RunTime:0.0004s ]
SQL: SELECT * FROM `m_menus` WHERE `pid` = 434 AND `status` = 1 ORDER BY px asc  [ RunTime:0.0004s ]
INFO: [ view_parse ] --START--
INFO: [ template_filter ] --START--
INFO: Run Behavior\ContentReplaceBehavior [ RunTime:0.000037s ]
INFO: [ template_filter ] --END-- [ RunTime:0.000072s ]
INFO: Run Behavior\ParseTemplateBehavior [ RunTime:0.005142s ]
INFO: [ view_parse ] --END-- [ RunTime:0.005180s ]
INFO: [ view_filter ] --START--
INFO: Run Behavior\WriteHtmlCacheBehavior [ RunTime:0.000122s ]
INFO: [ view_filter ] --END-- [ RunTime:0.000149s ]
INFO: [ app_end ] --START--
INFO: Run Behavior\ShowPageTraceBehavior [ RunTime:0.000342s ]
INFO: [ app_end ] --END-- [ RunTime:0.000382s ]

[ 2017-07-01T14:23:54+08:00 ] 211.161.248.24 /Index/head.html
INFO: [ app_init ] --START--
INFO: Run Behavior\BuildLiteBehavior [ RunTime:0.000012s ]
INFO: [ app_init ] --END-- [ RunTime:0.000280s ]
INFO: [ app_begin ] --START--
INFO: Run Behavior\ReadHtmlCacheBehavior [ RunTime:0.000366s ]
INFO: [ app_begin ] --END-- [ RunTime:0.000406s ]
SQL: SHOW COLUMNS FROM `m_system` [ RunTime:0.0009s ]
SQL: SELECT `title` FROM `m_system` WHERE `id` = 1 LIMIT 1   [ RunTime:0.0004s ]
INFO: [ view_parse ] --START--
INFO: [ template_filter ] --START--
INFO: Run Behavior\ContentReplaceBehavior [ RunTime:0.000027s ]
INFO: [ template_filter ] --END-- [ RunTime:0.000058s ]
INFO: Run Behavior\ParseTemplateBehavior [ RunTime:0.003787s ]
INFO: [ view_parse ] --END-- [ RunTime:0.003819s ]
INFO: [ view_filter ] --START--
INFO: Run Behavior\WriteHtmlCacheBehavior [ RunTime:0.000208s ]
INFO: [ view_filter ] --END-- [ RunTime:0.000236s ]
INFO: [ app_end ] --START--
INFO: Run Behavior\ShowPageTraceBehavior [ RunTime:0.000328s ]
INFO: [ app_end ] --END-- [ RunTime:0.000357s ]

[ 2017-07-01T14:23:54+08:00 ] 211.161.248.24 /Index/main.html
INFO: [ app_init ] --START--
INFO: Run Behavior\BuildLiteBehavior [ RunTime:0.000010s ]
INFO: [ app_init ] --END-- [ RunTime:0.000241s ]
INFO: [ app_begin ] --START--
INFO: Run Behavior\ReadHtmlCacheBehavior [ RunTime:0.000334s ]
INFO: [ app_begin ] --END-- [ RunTime:0.000381s ]
INFO: [ view_parse ] --START--
INFO: [ template_filter ] --START--
INFO: Run Behavior\ContentReplaceBehavior [ RunTime:0.000043s ]
INFO: [ template_filter ] --END-- [ RunTime:0.000079s ]
NOTIC: [8] Undefined variable: pagetitle /mnt/data/mse/Application/Runtime/Cache/Admin/b0f0b709690a72033d17719e8059053c.php 第 46 行.
INFO: Run Behavior\ParseTemplateBehavior [ RunTime:0.005268s ]
INFO: [ view_parse ] --END-- [ RunTime:0.005306s ]
INFO: [ view_filter ] --START--
INFO: Run Behavior\WriteHtmlCacheBehavior [ RunTime:0.000149s ]
INFO: [ view_filter ] --END-- [ RunTime:0.000176s ]
INFO: [ app_end ] --START--
INFO: Run Behavior\ShowPageTraceBehavior [ RunTime:0.000374s ]
INFO: [ app_end ] --END-- [ RunTime:0.000407s ]

[ 2017-07-01T14:23:54+08:00 ] 211.161.248.24 /Public/home/css/store.css
INFO: [ app_init ] --START--
INFO: Run Behavior\BuildLiteBehavior [ RunTime:0.000011s ]
INFO: [ app_init ] --END-- [ RunTime:0.000266s ]
INFO: [ app_begin ] --START--
INFO: Run Behavior\ReadHtmlCacheBehavior [ RunTime:0.000485s ]
INFO: [ app_begin ] --END-- [ RunTime:0.000531s ]
ERR: 无法加载控制器:Public

[ 2017-07-01T14:23:55+08:00 ] 211.161.248.24 /Public/home/css/store.css
INFO: [ app_init ] --START--
INFO: Run Behavior\BuildLiteBehavior [ RunTime:0.000011s ]
INFO: [ app_init ] --END-- [ RunTime:0.000264s ]
INFO: [ app_begin ] --START--
INFO: Run Behavior\ReadHtmlCacheBehavior [ RunTime:0.000337s ]
INFO: [ app_begin ] --END-- [ RunTime:0.000385s ]
ERR: 无法加载控制器:Public

[ 2017-07-01T14:23:55+08:00 ] 211.161.248.24 /Index/undefined/Public/common/zczy_images/loading.gif
INFO: [ app_init ] --START--
INFO: Run Behavior\BuildLiteBehavior [ RunTime:0.000015s ]
INFO: [ app_init ] --END-- [ RunTime:0.000283s ]

[ 2017-07-01T14:23:57+08:00 ] 211.161.248.24 /Admin/User/index/ids/459
INFO: [ app_init ] --START--
INFO: Run Behavior\BuildLiteBehavior [ RunTime:0.000011s ]
INFO: [ app_init ] --END-- [ RunTime:0.000266s ]
INFO: [ app_begin ] --START--
INFO: Run Behavior\ReadHtmlCacheBehavior [ RunTime:0.000310s ]
INFO: [ app_begin ] --END-- [ RunTime:0.000348s ]
SQL: SHOW COLUMNS FROM `m_user` [ RunTime:0.0009s ]
SQL: SELECT COUNT(*) AS tp_count FROM `m_user` WHERE `is_del` = 1 AND `is_fans` = 1 LIMIT 1   [ RunTime:0.0003s ]
SQL: SELECT * FROM `m_user` WHERE `is_del` = 1 AND `is_fans` = 1 AND `type` = 2 ORDER BY intime desc LIMIT 0,10   [ RunTime:0.0004s ]
INFO: [ view_parse ] --START--
INFO: [ template_filter ] --START--
INFO: Run Behavior\ContentReplaceBehavior [ RunTime:0.000060s ]
INFO: [ template_filter ] --END-- [ RunTime:0.000101s ]
NOTIC: [8] Use of undefined constant 直播会员列表 - assumed '直播会员列表' /mnt/data/mse/Application/Runtime/Cache/Admin/65e605872ed5d34210f5b33beb13f5a3.php 第 92 行.
NOTIC: [8] Undefined variable: start /mnt/data/mse/Application/Runtime/Cache/Admin/65e605872ed5d34210f5b33beb13f5a3.php 第 103 行.
NOTIC: [8] Undefined variable: end /mnt/data/mse/Application/Runtime/Cache/Admin/65e605872ed5d34210f5b33beb13f5a3.php 第 103 行.
NOTIC: [8] Undefined variable: username /mnt/data/mse/Application/Runtime/Cache/Admin/65e605872ed5d34210f5b33beb13f5a3.php 第 104 行.
INFO: Run Behavior\ParseTemplateBehavior [ RunTime:0.008035s ]
INFO: [ view_parse ] --END-- [ RunTime:0.008077s ]
INFO: [ view_filter ] --START--
INFO: Run Behavior\WriteHtmlCacheBehavior [ RunTime:0.000137s ]
INFO: [ view_filter ] --END-- [ RunTime:0.000164s ]
INFO: [ app_end ] --START--
INFO: Run Behavior\ShowPageTraceBehavior [ RunTime:0.000341s ]
INFO: [ app_end ] --END-- [ RunTime:0.000373s ]

[ 2017-07-01T14:23:57+08:00 ] 211.161.248.24 /Public/home/css/store.css
INFO: [ app_init ] --START--
INFO: Run Behavior\BuildLiteBehavior [ RunTime:0.000011s ]
INFO: [ app_init ] --END-- [ RunTime:0.000260s ]
INFO: [ app_begin ] --START--
INFO: Run Behavior\ReadHtmlCacheBehavior [ RunTime:0.000309s ]
INFO: [ app_begin ] --END-- [ RunTime:0.000348s ]
ERR: 无法加载控制器:Public

[ 2017-07-01T14:23:57+08:00 ] 211.161.248.24 /Admin/User/index/ids/undefined/Public/common/zczy_images/loading.gif
INFO: [ app_init ] --START--
INFO: Run Behavior\BuildLiteBehavior [ RunTime:0.000014s ]
INFO: [ app_init ] --END-- [ RunTime:0.000284s ]

[ 2017-07-01T14:24:00+08:00 ] 211.161.248.24 /Admin/User/index/ids/420
INFO: [ app_init ] --START--
INFO: Run Behavior\BuildLiteBehavior [ RunTime:0.000012s ]
INFO: [ app_init ] --END-- [ RunTime:0.000261s ]
INFO: [ app_begin ] --START--
INFO: Run Behavior\ReadHtmlCacheBehavior [ RunTime:0.000368s ]
INFO: [ app_begin ] --END-- [ RunTime:0.000407s ]
SQL: SHOW COLUMNS FROM `m_user` [ RunTime:0.0009s ]
SQL: SELECT COUNT(*) AS tp_count FROM `m_user` WHERE `is_del` = 1 AND `is_fans` = 1 LIMIT 1   [ RunTime:0.0004s ]
SQL: SELECT * FROM `m_user` WHERE `is_del` = 1 AND `is_fans` = 1 AND `type` = 1 ORDER BY intime desc LIMIT 0,10   [ RunTime:0.0005s ]
INFO: [ view_parse ] --START--
INFO: [ template_filter ] --START--
INFO: Run Behavior\ContentReplaceBehavior [ RunTime:0.000055s ]
INFO: [ template_filter ] --END-- [ RunTime:0.000089s ]
NOTIC: [8] Use of undefined constant 直播会员列表 - assumed '直播会员列表' /mnt/data/mse/Application/Runtime/Cache/Admin/65e605872ed5d34210f5b33beb13f5a3.php 第 92 行.
NOTIC: [8] Undefined variable: start /mnt/data/mse/Application/Runtime/Cache/Admin/65e605872ed5d34210f5b33beb13f5a3.php 第 103 行.
NOTIC: [8] Undefined variable: end /mnt/data/mse/Application/Runtime/Cache/Admin/65e605872ed5d34210f5b33beb13f5a3.php 第 103 行.
NOTIC: [8] Undefined variable: username /mnt/data/mse/Application/Runtime/Cache/Admin/65e605872ed5d34210f5b33beb13f5a3.php 第 104 行.
INFO: Run Behavior\ParseTemplateBehavior [ RunTime:0.007484s ]
INFO: [ view_parse ] --END-- [ RunTime:0.007517s ]
INFO: [ view_filter ] --START--
INFO: Run Behavior\WriteHtmlCacheBehavior [ RunTime:0.000137s ]
INFO: [ view_filter ] --END-- [ RunTime:0.000165s ]
INFO: [ app_end ] --START--
INFO: Run Behavior\ShowPageTraceBehavior [ RunTime:0.000335s ]
INFO: [ app_end ] --END-- [ RunTime:0.000369s ]

[ 2017-07-01T14:24:00+08:00 ] 211.161.248.24 /Public/home/css/store.css
INFO: [ app_init ] --START--
INFO: Run Behavior\BuildLiteBehavior [ RunTime:0.000011s ]
INFO: [ app_init ] --END-- [ RunTime:0.000252s ]
INFO: [ app_begin ] --START--
INFO: Run Behavior\ReadHtmlCacheBehavior [ RunTime:0.000360s ]
INFO: [ app_begin ] --END-- [ RunTime:0.000399s ]
ERR: 无法加载控制器:Public

[ 2017-07-01T14:24:00+08:00 ] 211.161.248.24 /Admin/User/index/ids/undefined/Public/common/zczy_images/loading.gif
INFO: [ app_init ] --START--
INFO: Run Behavior\BuildLiteBehavior [ RunTime:0.000010s ]
INFO: [ app_init ] --END-- [ RunTime:0.000240s ]

[ 2017-07-01T14:24:02+08:00 ] 211.161.248.24 /Admin/User/index/ids/459
INFO: [ app_init ] --START--
INFO: Run Behavior\BuildLiteBehavior [ RunTime:0.000011s ]
INFO: [ app_init ] --END-- [ RunTime:0.000258s ]
INFO: [ app_begin ] --START--
INFO: Run Behavior\ReadHtmlCacheBehavior [ RunTime:0.000321s ]
INFO: [ app_begin ] --END-- [ RunTime:0.000360s ]
SQL: SHOW COLUMNS FROM `m_user` [ RunTime:0.0015s ]
SQL: SELECT COUNT(*) AS tp_count FROM `m_user` WHERE `is_del` = 1 AND `is_fans` = 1 LIMIT 1   [ RunTime:0.0004s ]
SQL: SELECT * FROM `m_user` WHERE `is_del` = 1 AND `is_fans` = 1 AND `type` = 2 ORDER BY intime desc LIMIT 0,10   [ RunTime:0.0005s ]
INFO: [ view_parse ] --START--
INFO: [ template_filter ] --START--
INFO: Run Behavior\ContentReplaceBehavior [ RunTime:0.000057s ]
INFO: [ template_filter ] --END-- [ RunTime:0.000093s ]
NOTIC: [8] Use of undefined constant 直播会员列表 - assumed '直播会员列表' /mnt/data/mse/Application/Runtime/Cache/Admin/65e605872ed5d34210f5b33beb13f5a3.php 第 92 行.
NOTIC: [8] Undefined variable: start /mnt/data/mse/Application/Runtime/Cache/Admin/65e605872ed5d34210f5b33beb13f5a3.php 第 103 行.
NOTIC: [8] Undefined variable: end /mnt/data/mse/Application/Runtime/Cache/Admin/65e605872ed5d34210f5b33beb13f5a3.php 第 103 行.
NOTIC: [8] Undefined variable: username /mnt/data/mse/Application/Runtime/Cache/Admin/65e605872ed5d34210f5b33beb13f5a3.php 第 104 行.
INFO: Run Behavior\ParseTemplateBehavior [ RunTime:0.008500s ]
INFO: [ view_parse ] --END-- [ RunTime:0.008542s ]
INFO: [ view_filter ] --START--
INFO: Run Behavior\WriteHtmlCacheBehavior [ RunTime:0.000153s ]
INFO: [ view_filter ] --END-- [ RunTime:0.000187s ]
INFO: [ app_end ] --START--
INFO: Run Behavior\ShowPageTraceBehavior [ RunTime:0.000411s ]
INFO: [ app_end ] --END-- [ RunTime:0.000450s ]

[ 2017-07-01T14:24:02+08:00 ] 211.161.248.24 /Public/home/css/store.css
INFO: [ app_init ] --START--
INFO: Run Behavior\BuildLiteBehavior [ RunTime:0.000011s ]
INFO: [ app_init ] --END-- [ RunTime:0.000263s ]
INFO: [ app_begin ] --START--
INFO: Run Behavior\ReadHtmlCacheBehavior [ RunTime:0.000308s ]
INFO: [ app_begin ] --END-- [ RunTime:0.000355s ]
ERR: 无法加载控制器:Public

[ 2017-07-01T14:24:02+08:00 ] 211.161.248.24 /Admin/User/index/ids/undefined/Public/common/zczy_images/loading.gif
INFO: [ app_init ] --START--
INFO: Run Behavior\BuildLiteBehavior [ RunTime:0.000010s ]
INFO: [ app_init ] --END-- [ RunTime:0.000247s ]

[ 2017-07-01T14:24:04+08:00 ] 211.161.248.24 /Admin/User/index/ids/420
INFO: [ app_init ] --START--
INFO: Run Behavior\BuildLiteBehavior [ RunTime:0.000011s ]
INFO: [ app_init ] --END-- [ RunTime:0.000256s ]
INFO: [ app_begin ] --START--
INFO: Run Behavior\ReadHtmlCacheBehavior [ RunTime:0.000317s ]
INFO: [ app_begin ] --END-- [ RunTime:0.000355s ]
SQL: SHOW COLUMNS FROM `m_user` [ RunTime:0.0009s ]
SQL: SELECT COUNT(*) AS tp_count FROM `m_user` WHERE `is_del` = 1 AND `is_fans` = 1 LIMIT 1   [ RunTime:0.0004s ]
SQL: SELECT * FROM `m_user` WHERE `is_del` = 1 AND `is_fans` = 1 AND `type` = 1 ORDER BY intime desc LIMIT 0,10   [ RunTime:0.0004s ]
INFO: [ view_parse ] --START--
INFO: [ template_filter ] --START--
INFO: Run Behavior\ContentReplaceBehavior [ RunTime:0.000055s ]
INFO: [ template_filter ] --END-- [ RunTime:0.000090s ]
NOTIC: [8] Use of undefined constant 直播会员列表 - assumed '直播会员列表' /mnt/data/mse/Application/Runtime/Cache/Admin/65e605872ed5d34210f5b33beb13f5a3.php 第 92 行.
NOTIC: [8] Undefined variable: start /mnt/data/mse/Application/Runtime/Cache/Admin/65e605872ed5d34210f5b33beb13f5a3.php 第 103 行.
NOTIC: [8] Undefined variable: end /mnt/data/mse/Application/Runtime/Cache/Admin/65e605872ed5d34210f5b33beb13f5a3.php 第 103 行.
NOTIC: [8] Undefined variable: username /mnt/data/mse/Application/Runtime/Cache/Admin/65e605872ed5d34210f5b33beb13f5a3.php 第 104 行.
INFO: Run Behavior\ParseTemplateBehavior [ RunTime:0.007691s ]
INFO: [ view_parse ] --END-- [ RunTime:0.007724s ]
INFO: [ view_filter ] --START--
INFO: Run Behavior\WriteHtmlCacheBehavior [ RunTime:0.000139s ]
INFO: [ view_filter ] --END-- [ RunTime:0.000166s ]
INFO: [ app_end ] --START--
INFO: Run Behavior\ShowPageTraceBehavior [ RunTime:0.000404s ]
INFO: [ app_end ] --END-- [ RunTime:0.000438s ]

[ 2017-07-01T14:24:04+08:00 ] 211.161.248.24 /Public/home/css/store.css
INFO: [ app_init ] --START--
INFO: Run Behavior\BuildLiteBehavior [ RunTime:0.000011s ]
INFO: [ app_init ] --END-- [ RunTime:0.000249s ]
INFO: [ app_begin ] --START--
INFO: Run Behavior\ReadHtmlCacheBehavior [ RunTime:0.000333s ]
INFO: [ app_begin ] --END-- [ RunTime:0.000373s ]
ERR: 无法加载控制器:Public

[ 2017-07-01T14:24:05+08:00 ] 211.161.248.24 /Admin/User/index/ids/undefined/Public/common/zczy_images/loading.gif
INFO: [ app_init ] --START--
INFO: Run Behavior\BuildLiteBehavior [ RunTime:0.000011s ]
INFO: [ app_init ] --END-- [ RunTime:0.000242s ]

[ 2017-07-01T14:24:10+08:00 ] 211.161.248.24 /Admin/User/index/ids/459
INFO: [ app_init ] --START--
INFO: Run Behavior\BuildLiteBehavior [ RunTime:0.000011s ]
INFO: [ app_init ] --END-- [ RunTime:0.000271s ]
INFO: [ app_begin ] --START--
INFO: Run Behavior\ReadHtmlCacheBehavior [ RunTime:0.000358s ]
INFO: [ app_begin ] --END-- [ RunTime:0.000397s ]
SQL: SHOW COLUMNS FROM `m_user` [ RunTime:0.0009s ]
SQL: SELECT COUNT(*) AS tp_count FROM `m_user` WHERE `is_del` = 1 AND `is_fans` = 1 LIMIT 1   [ RunTime:0.0008s ]
SQL: SELECT * FROM `m_user` WHERE `is_del` = 1 AND `is_fans` = 1 AND `type` = 2 ORDER BY intime desc LIMIT 0,10   [ RunTime:0.0004s ]
INFO: [ view_parse ] --START--
INFO: [ template_filter ] --START--
INFO: Run Behavior\ContentReplaceBehavior [ RunTime:0.000057s ]
INFO: [ template_filter ] --END-- [ RunTime:0.000089s ]
NOTIC: [8] Use of undefined constant 直播会员列表 - assumed '直播会员列表' /mnt/data/mse/Application/Runtime/Cache/Admin/65e605872ed5d34210f5b33beb13f5a3.php 第 92 行.
NOTIC: [8] Undefined variable: start /mnt/data/mse/Application/Runtime/Cache/Admin/65e605872ed5d34210f5b33beb13f5a3.php 第 103 行.
NOTIC: [8] Undefined variable: end /mnt/data/mse/Application/Runtime/Cache/Admin/65e605872ed5d34210f5b33beb13f5a3.php 第 103 行.
NOTIC: [8] Undefined variable: username /mnt/data/mse/Application/Runtime/Cache/Admin/65e605872ed5d34210f5b33beb13f5a3.php 第 104 行.
INFO: Run Behavior\ParseTemplateBehavior [ RunTime:0.008021s ]
INFO: [ view_parse ] --END-- [ RunTime:0.008054s ]
INFO: [ view_filter ] --START--
INFO: Run Behavior\WriteHtmlCacheBehavior [ RunTime:0.000132s ]
INFO: [ view_filter ] --END-- [ RunTime:0.000159s ]
INFO: [ app_end ] --START--
INFO: Run Behavior\ShowPageTraceBehavior [ RunTime:0.000318s ]
INFO: [ app_end ] --END-- [ RunTime:0.000350s ]

[ 2017-07-01T14:24:10+08:00 ] 211.161.248.24 /Public/home/css/store.css
INFO: [ app_init ] --START--
INFO: Run Behavior\BuildLiteBehavior [ RunTime:0.000011s ]
INFO: [ app_init ] --END-- [ RunTime:0.000267s ]
INFO: [ app_begin ] --START--
INFO: Run Behavior\ReadHtmlCacheBehavior [ RunTime:0.000320s ]
INFO: [ app_begin ] --END-- [ RunTime:0.000359s ]
ERR: 无法加载控制器:Public

[ 2017-07-01T14:24:10+08:00 ] 211.161.248.24 /Admin/User/index/ids/undefined/Public/common/zczy_images/loading.gif
INFO: [ app_init ] --START--
INFO: Run Behavior\BuildLiteBehavior [ RunTime:0.000010s ]
INFO: [ app_init ] --END-- [ RunTime:0.000254s ]

[ 2017-07-01T14:24:13+08:00 ] 211.161.248.24 /User/zhibo/id/26.html
INFO: [ app_init ] --START--
INFO: Run Behavior\BuildLiteBehavior [ RunTime:0.000012s ]
INFO: [ app_init ] --END-- [ RunTime:0.000259s ]
INFO: [ app_begin ] --START--
INFO: Run Behavior\ReadHtmlCacheBehavior [ RunTime:0.000313s ]
INFO: [ app_begin ] --END-- [ RunTime:0.000353s ]
SQL: SHOW COLUMNS FROM `m_user` [ RunTime:0.0008s ]
SQL: SELECT * FROM `m_user` WHERE `user_id` = 26 LIMIT 1   [ RunTime:0.0004s ]
SQL: SHOW COLUMNS FROM `m_system` [ RunTime:0.0007s ]
SQL: SELECT `hx_appkey_1` FROM `m_system` WHERE `id` = 1 LIMIT 1   [ RunTime:0.0003s ]
SQL: SELECT `hx_appkey_2` FROM `m_system` WHERE `id` = 1 LIMIT 1   [ RunTime:0.0003s ]
SQL: SELECT `hx_client_id` FROM `m_system` WHERE `id` = 1 LIMIT 1   [ RunTime:0.0003s ]
SQL: SELECT `hx_secret` FROM `m_system` WHERE `id` = 1 LIMIT 1   [ RunTime:0.0002s ]
SQL: SELECT `hx_appkey_1` FROM `m_system` WHERE `id` = 1 LIMIT 1   [ RunTime:0.0003s ]
SQL: SELECT `hx_appkey_2` FROM `m_system` WHERE `id` = 1 LIMIT 1   [ RunTime:0.0003s ]
NOTIC: [2] Missing argument 3 for postCurl(), called in /mnt/data/mse/ThinkPHP/Common/functions.php on line 183 and defined /mnt/data/mse/ThinkPHP/Common/functions.php 第 194 行.
NOTIC: [8] Undefined variable: header /mnt/data/mse/ThinkPHP/Common/functions.php 第 217 行.
NOTIC: [8] Undefined index: error /mnt/data/mse/Application/Admin/Controller/UserController.class.php 第 136 行.
SQL: SELECT * FROM `m_system` WHERE `id` = 1 LIMIT 1   [ RunTime:0.0007s ]
NOTIC: [8] Undefined index: marker /mnt/data/mse/ThinkPHP/Library/Vendor/Qiniu/Qiniu/Pili/Hub.php 第 57 行.
NOTIC: [8] Undefined index: marker /mnt/data/mse/ThinkPHP/Library/Vendor/Qiniu/Qiniu/Pili/Hub.php 第 57 行.
SQL: SHOW COLUMNS FROM `m_live` [ RunTime:0.0009s ]
SQL: INSERT INTO `m_live` (`play_rtmp`,`php_sdk`,`user_id`,`play_img`,`title`,`teach_id`,`push_flow_address`,`play_address`,`play_address_m3u8`,`play_address_flv`,`play_address_rtmp`,`start_time`,`stream_key`,`live_status`,`live_time`,`room_id`,`sheng`,`shi`,`intime`) VALUES ('rtmp://fanlilive.tstmobile.com/vxiu1/','php-sdk-test1498890252?e=1498893853&token=pR_CsEkFcTn1Kgf8ZNIh2zUB_w8bzaeLYEgjBItT:KAoN0F6PvMQQR7QQWyP1eqeaBSs=','26','/Public/upload/playimg/593e0637665f4.jpeg','哈哈','1','rtmp://fanlilive.tstmobile.com/vxiu1/php-sdk-test1498890252?e=1498893853&token=pR_CsEkFcTn1Kgf8ZNIh2zUB_w8bzaeLYEgjBItT:KAoN0F6PvMQQR7QQWyP1eqeaBSs=','rtmp://fanlilive.tstmobile.com/vxiu1/php-sdk-test1498890252','http://fanlilive.tstmobile.com/vxiu1/php-sdk-test1498890252.m3u8','http://fanlilive.tstmobile.com/vxiu1/php-sdk-test1498890252.flv','rtmp://fanlilive.tstmobile.com/vxiu1/php-sdk-test1498890252','1498890253','php-sdk-test1498890252','1','0','20438688268290','','','1498890253') [ RunTime:0.0055s ]
SQL: SHOW COLUMNS FROM `m_live` [ RunTime:0.0009s ]
SQL: SELECT * FROM `m_live` WHERE `live_id` = 78 LIMIT 1   [ RunTime:0.0006s ]

[ 2017-07-01T14:24:13+08:00 ] 211.161.248.24 /User/details/id/26.html
INFO: [ app_init ] --START--
INFO: Run Behavior\BuildLiteBehavior [ RunTime:0.000012s ]
INFO: [ app_init ] --END-- [ RunTime:0.000294s ]
INFO: [ app_begin ] --START--
INFO: Run Behavior\ReadHtmlCacheBehavior [ RunTime:0.000325s ]
INFO: [ app_begin ] --END-- [ RunTime:0.000375s ]
SQL: SHOW COLUMNS FROM `m_user` [ RunTime:0.0009s ]
SQL: SELECT * FROM `m_user` WHERE `user_id` = 26 LIMIT 1   [ RunTime:0.0004s ]
SQL: SHOW COLUMNS FROM `m_live` [ RunTime:0.0006s ]
SQL: SELECT * FROM `m_live` WHERE `user_id` = 26 ORDER BY live_id desc LIMIT 1   [ RunTime:0.0005s ]
SQL: SHOW COLUMNS FROM `m_give_gift` [ RunTime:0.0005s ]
SQL: SELECT SUM(jewel) AS tp_sum FROM `m_give_gift` WHERE `user_id` = 26 LIMIT 1   [ RunTime:0.0003s ]
SQL: SHOW COLUMNS FROM `m_withdraw` [ RunTime:0.0009s ]
SQL: SELECT SUM(money) AS tp_sum FROM `m_withdraw` WHERE `user_id` = 26 LIMIT 1   [ RunTime:0.0003s ]
SQL: SHOW COLUMNS FROM `m_recharge_record` [ RunTime:0.0007s ]
SQL: SELECT COUNT(*) AS tp_count FROM `m_recharge_record` WHERE `user_id` = 26 LIMIT 1   [ RunTime:0.0003s ]
SQL: SELECT * FROM `m_recharge_record` WHERE `user_id` = 26 ORDER BY intime desc LIMIT 0,10   [ RunTime:0.0003s ]
INFO: [ view_parse ] --START--
INFO: [ template_filter ] --START--
INFO: Run Behavior\ContentReplaceBehavior [ RunTime:0.000113s ]
INFO: [ template_filter ] --END-- [ RunTime:0.000155s ]
NOTIC: [8] Undefined variable: mem /mnt/data/mse/Application/Runtime/Cache/Admin/a75d1118bae1ec7c495fce8d4602b287.php 第 142 行.
NOTIC: [8] Undefined variable: mem /mnt/data/mse/Application/Runtime/Cache/Admin/a75d1118bae1ec7c495fce8d4602b287.php 第 142 行.
NOTIC: [8] Undefined variable: mem /mnt/data/mse/Application/Runtime/Cache/Admin/a75d1118bae1ec7c495fce8d4602b287.php 第 142 行.
NOTIC: [8] Undefined variable: con /mnt/data/mse/Application/Runtime/Cache/Admin/a75d1118bae1ec7c495fce8d4602b287.php 第 214 行.
NOTIC: [8] Undefined variable: w /mnt/data/mse/Application/Runtime/Cache/Admin/a75d1118bae1ec7c495fce8d4602b287.php 第 235 行.
NOTIC: [8] Undefined variable: g /mnt/data/mse/Application/Runtime/Cache/Admin/a75d1118bae1ec7c495fce8d4602b287.php 第 257 行.
NOTIC: [8] Undefined variable: give /mnt/data/mse/Application/Runtime/Cache/Admin/a75d1118bae1ec7c495fce8d4602b287.php 第 279 行.
NOTIC: [8] Undefined variable: f /mnt/data/mse/Application/Runtime/Cache/Admin/a75d1118bae1ec7c495fce8d4602b287.php 第 298 行.
NOTIC: [8] Undefined variable: fo /mnt/data/mse/Application/Runtime/Cache/Admin/a75d1118bae1ec7c495fce8d4602b287.php 第 314 行.
NOTIC: [8] Undefined variable: live /mnt/data/mse/Application/Runtime/Cache/Admin/a75d1118bae1ec7c495fce8d4602b287.php 第 337 行.
NOTIC: [8] Undefined variable: live_store /mnt/data/mse/Application/Runtime/Cache/Admin/a75d1118bae1ec7c495fce8d4602b287.php 第 364 行.
INFO: Run Behavior\ParseTemplateBehavior [ RunTime:0.023634s ]
INFO: [ view_parse ] --END-- [ RunTime:0.023700s ]
INFO: [ view_filter ] --START--
INFO: Run Behavior\WriteHtmlCacheBehavior [ RunTime:0.000234s ]
INFO: [ view_filter ] --END-- [ RunTime:0.000277s ]
INFO: [ app_end ] --START--
INFO: Run Behavior\ShowPageTraceBehavior [ RunTime:0.000371s ]
INFO: [ app_end ] --END-- [ RunTime:0.000407s ]

[ 2017-07-01T14:24:13+08:00 ] 211.161.248.24 /Public/home/css/store.css
INFO: [ app_init ] --START--
INFO: Run Behavior\BuildLiteBehavior [ RunTime:0.000012s ]
INFO: [ app_init ] --END-- [ RunTime:0.000265s ]
INFO: [ app_begin ] --START--
INFO: Run Behavior\ReadHtmlCacheBehavior [ RunTime:0.000331s ]
INFO: [ app_begin ] --END-- [ RunTime:0.000369s ]
ERR: 无法加载控制器:Public

[ 2017-07-01T14:24:13+08:00 ] 211.161.248.24 /User/details/id/undefined/Public/common/zczy_images/loading.gif
INFO: [ app_init ] --START--
INFO: Run Behavior\BuildLiteBehavior [ RunTime:0.000014s ]
INFO: [ app_init ] --END-- [ RunTime:0.000263s ]

[ 2017-07-01T14:25:53+08:00 ] 211.161.248.24 /Admin/User/index/ids/459
INFO: [ app_init ] --START--
INFO: Run Behavior\BuildLiteBehavior [ RunTime:0.000016s ]
INFO: [ app_init ] --END-- [ RunTime:0.000366s ]
INFO: [ app_begin ] --START--
INFO: Run Behavior\ReadHtmlCacheBehavior [ RunTime:0.000325s ]
INFO: [ app_begin ] --END-- [ RunTime:0.000364s ]
SQL: SHOW COLUMNS FROM `m_user` [ RunTime:0.0011s ]
SQL: SELECT COUNT(*) AS tp_count FROM `m_user` WHERE `is_del` = 1 AND `is_fans` = 1 LIMIT 1   [ RunTime:0.0004s ]
SQL: SELECT * FROM `m_user` WHERE `is_del` = 1 AND `is_fans` = 1 AND `type` = 2 ORDER BY intime desc LIMIT 0,10   [ RunTime:0.0005s ]
INFO: [ view_parse ] --START--
INFO: [ template_filter ] --START--
INFO: Run Behavior\ContentReplaceBehavior [ RunTime:0.000057s ]
INFO: [ template_filter ] --END-- [ RunTime:0.000092s ]
NOTIC: [8] Use of undefined constant 直播会员列表 - assumed '直播会员列表' /mnt/data/mse/Application/Runtime/Cache/Admin/65e605872ed5d34210f5b33beb13f5a3.php 第 92 行.
NOTIC: [8] Undefined variable: start /mnt/data/mse/Application/Runtime/Cache/Admin/65e605872ed5d34210f5b33beb13f5a3.php 第 103 行.
NOTIC: [8] Undefined variable: end /mnt/data/mse/Application/Runtime/Cache/Admin/65e605872ed5d34210f5b33beb13f5a3.php 第 103 行.
NOTIC: [8] Undefined variable: username /mnt/data/mse/Application/Runtime/Cache/Admin/65e605872ed5d34210f5b33beb13f5a3.php 第 104 行.
INFO: Run Behavior\ParseTemplateBehavior [ RunTime:0.008227s ]
INFO: [ view_parse ] --END-- [ RunTime:0.008261s ]
INFO: [ view_filter ] --START--
INFO: Run Behavior\WriteHtmlCacheBehavior [ RunTime:0.000139s ]
INFO: [ view_filter ] --END-- [ RunTime:0.000165s ]
INFO: [ app_end ] --START--
INFO: Run Behavior\ShowPageTraceBehavior [ RunTime:0.000353s ]
INFO: [ app_end ] --END-- [ RunTime:0.000393s ]

[ 2017-07-01T14:25:53+08:00 ] 211.161.248.24 /Public/home/css/store.css
INFO: [ app_init ] --START--
INFO: Run Behavior\BuildLiteBehavior [ RunTime:0.000011s ]
INFO: [ app_init ] --END-- [ RunTime:0.000294s ]
INFO: [ app_begin ] --START--
INFO: Run Behavior\ReadHtmlCacheBehavior [ RunTime:0.000335s ]
INFO: [ app_begin ] --END-- [ RunTime:0.000374s ]
ERR: 无法加载控制器:Public

[ 2017-07-01T14:25:53+08:00 ] 211.161.248.24 /Admin/User/index/ids/undefined/Public/common/zczy_images/loading.gif
INFO: [ app_init ] --START--
INFO: Run Behavior\BuildLiteBehavior [ RunTime:0.000011s ]
INFO: [ app_init ] --END-- [ RunTime:0.000259s ]

[ 2017-07-01T14:25:54+08:00 ] 211.161.248.24 /Admin/User/index/ids/420
INFO: [ app_init ] --START--
INFO: Run Behavior\BuildLiteBehavior [ RunTime:0.000012s ]
INFO: [ app_init ] --END-- [ RunTime:0.000264s ]
INFO: [ app_begin ] --START--
INFO: Run Behavior\ReadHtmlCacheBehavior [ RunTime:0.000327s ]
INFO: [ app_begin ] --END-- [ RunTime:0.000366s ]
SQL: SHOW COLUMNS FROM `m_user` [ RunTime:0.0008s ]
SQL: SELECT COUNT(*) AS tp_count FROM `m_user` WHERE `is_del` = 1 AND `is_fans` = 1 LIMIT 1   [ RunTime:0.0003s ]
SQL: SELECT * FROM `m_user` WHERE `is_del` = 1 AND `is_fans` = 1 AND `type` = 1 ORDER BY intime desc LIMIT 0,10   [ RunTime:0.0004s ]
INFO: [ view_parse ] --START--
INFO: [ template_filter ] --START--
INFO: Run Behavior\ContentReplaceBehavior [ RunTime:0.000076s ]
INFO: [ template_filter ] --END-- [ RunTime:0.000126s ]
NOTIC: [8] Use of undefined constant 直播会员列表 - assumed '直播会员列表' /mnt/data/mse/Application/Runtime/Cache/Admin/65e605872ed5d34210f5b33beb13f5a3.php 第 92 行.
NOTIC: [8] Undefined variable: start /mnt/data/mse/Application/Runtime/Cache/Admin/65e605872ed5d34210f5b33beb13f5a3.php 第 103 行.
NOTIC: [8] Undefined variable: end /mnt/data/mse/Application/Runtime/Cache/Admin/65e605872ed5d34210f5b33beb13f5a3.php 第 103 行.
NOTIC: [8] Undefined variable: username /mnt/data/mse/Application/Runtime/Cache/Admin/65e605872ed5d34210f5b33beb13f5a3.php 第 104 行.
INFO: Run Behavior\ParseTemplateBehavior [ RunTime:0.008203s ]
INFO: [ view_parse ] --END-- [ RunTime:0.008236s ]
INFO: [ view_filter ] --START--
INFO: Run Behavior\WriteHtmlCacheBehavior [ RunTime:0.000153s ]
INFO: [ view_filter ] --END-- [ RunTime:0.000188s ]
INFO: [ app_end ] --START--
INFO: Run Behavior\ShowPageTraceBehavior [ RunTime:0.000354s ]
INFO: [ app_end ] --END-- [ RunTime:0.000396s ]

[ 2017-07-01T14:25:54+08:00 ] 211.161.248.24 /Public/home/css/store.css
INFO: [ app_init ] --START--
INFO: Run Behavior\BuildLiteBehavior [ RunTime:0.000012s ]
INFO: [ app_init ] --END-- [ RunTime:0.000282s ]
INFO: [ app_begin ] --START--
INFO: Run Behavior\ReadHtmlCacheBehavior [ RunTime:0.000346s ]
INFO: [ app_begin ] --END-- [ RunTime:0.000386s ]
ERR: 无法加载控制器:Public

[ 2017-07-01T14:25:54+08:00 ] 211.161.248.24 /Public/home/css/store.css
INFO: [ app_init ] --START--
INFO: Run Behavior\BuildLiteBehavior [ RunTime:0.000011s ]
INFO: [ app_init ] --END-- [ RunTime:0.000258s ]
INFO: [ app_begin ] --START--
INFO: Run Behavior\ReadHtmlCacheBehavior [ RunTime:0.000373s ]
INFO: [ app_begin ] --END-- [ RunTime:0.000413s ]
ERR: 无法加载控制器:Public

[ 2017-07-01T14:25:54+08:00 ] 211.161.248.24 /Admin/User/index/ids/undefined/Public/common/zczy_images/loading.gif
INFO: [ app_init ] --START--
INFO: Run Behavior\BuildLiteBehavior [ RunTime:0.000011s ]
INFO: [ app_init ] --END-- [ RunTime:0.000260s ]

[ 2017-07-01T14:25:55+08:00 ] 211.161.248.24 /Admin/User/del_user/ids/425
INFO: [ app_init ] --START--
INFO: Run Behavior\BuildLiteBehavior [ RunTime:0.000017s ]
INFO: [ app_init ] --END-- [ RunTime:0.000294s ]
INFO: [ app_begin ] --START--
INFO: Run Behavior\ReadHtmlCacheBehavior [ RunTime:0.000316s ]
INFO: [ app_begin ] --END-- [ RunTime:0.000364s ]
SQL: SHOW COLUMNS FROM `m_user` [ RunTime:0.0009s ]
SQL: SELECT COUNT(*) AS tp_count FROM `m_user` WHERE `is_del` = 2 LIMIT 1   [ RunTime:0.0004s ]
SQL: SELECT * FROM `m_user` WHERE `is_del` = 2 LIMIT 0,10   [ RunTime:0.0004s ]
INFO: [ view_parse ] --START--
INFO: [ template_filter ] --START--
INFO: Run Behavior\ContentReplaceBehavior [ RunTime:0.000056s ]
INFO: [ template_filter ] --END-- [ RunTime:0.000092s ]
NOTIC: [8] Undefined variable: start /mnt/data/mse/Application/Runtime/Cache/Admin/741f841ec223813c5bf85e4870c95c09.php 第 103 行.
NOTIC: [8] Undefined variable: end /mnt/data/mse/Application/Runtime/Cache/Admin/741f841ec223813c5bf85e4870c95c09.php 第 103 行.
NOTIC: [8] Undefined variable: username /mnt/data/mse/Application/Runtime/Cache/Admin/741f841ec223813c5bf85e4870c95c09.php 第 104 行.
INFO: Run Behavior\ParseTemplateBehavior [ RunTime:0.007622s ]
INFO: [ view_parse ] --END-- [ RunTime:0.007655s ]
INFO: [ view_filter ] --START--
INFO: Run Behavior\WriteHtmlCacheBehavior [ RunTime:0.000136s ]
INFO: [ view_filter ] --END-- [ RunTime:0.000164s ]
INFO: [ app_end ] --START--
INFO: Run Behavior\ShowPageTraceBehavior [ RunTime:0.000340s ]
INFO: [ app_end ] --END-- [ RunTime:0.000375s ]

[ 2017-07-01T14:25:55+08:00 ] 211.161.248.24 /Public/home/css/store.css
INFO: [ app_init ] --START--
INFO: Run Behavior\BuildLiteBehavior [ RunTime:0.000012s ]
INFO: [ app_init ] --END-- [ RunTime:0.000258s ]
INFO: [ app_begin ] --START--
INFO: Run Behavior\ReadHtmlCacheBehavior [ RunTime:0.000362s ]
INFO: [ app_begin ] --END-- [ RunTime:0.000408s ]
ERR: 无法加载控制器:Public

[ 2017-07-01T14:25:55+08:00 ] 211.161.248.24 /Admin/User/del_user/ids/undefined/Public/common/zczy_images/loading.gif
INFO: [ app_init ] --START--
INFO: Run Behavior\BuildLiteBehavior [ RunTime:0.000028s ]
INFO: [ app_init ] --END-- [ RunTime:0.000284s ]

[ 2017-07-01T14:25:56+08:00 ] 211.161.248.24 /Admin/User/index/ids/420
INFO: [ app_init ] --START--
INFO: Run Behavior\BuildLiteBehavior [ RunTime:0.000012s ]
INFO: [ app_init ] --END-- [ RunTime:0.000267s ]
INFO: [ app_begin ] --START--
INFO: Run Behavior\ReadHtmlCacheBehavior [ RunTime:0.000331s ]
INFO: [ app_begin ] --END-- [ RunTime:0.000370s ]
SQL: SHOW COLUMNS FROM `m_user` [ RunTime:0.0008s ]
SQL: SELECT COUNT(*) AS tp_count FROM `m_user` WHERE `is_del` = 1 AND `is_fans` = 1 LIMIT 1   [ RunTime:0.0003s ]
SQL: SELECT * FROM `m_user` WHERE `is_del` = 1 AND `is_fans` = 1 AND `type` = 1 ORDER BY intime desc LIMIT 0,10   [ RunTime:0.0004s ]
INFO: [ view_parse ] --START--
INFO: [ template_filter ] --START--
INFO: Run Behavior\ContentReplaceBehavior [ RunTime:0.000068s ]
INFO: [ template_filter ] --END-- [ RunTime:0.000104s ]
NOTIC: [8] Use of undefined constant 直播会员列表 - assumed '直播会员列表' /mnt/data/mse/Application/Runtime/Cache/Admin/65e605872ed5d34210f5b33beb13f5a3.php 第 92 行.
NOTIC: [8] Undefined variable: start /mnt/data/mse/Application/Runtime/Cache/Admin/65e605872ed5d34210f5b33beb13f5a3.php 第 103 行.
NOTIC: [8] Undefined variable: end /mnt/data/mse/Application/Runtime/Cache/Admin/65e605872ed5d34210f5b33beb13f5a3.php 第 103 行.
NOTIC: [8] Undefined variable: username /mnt/data/mse/Application/Runtime/Cache/Admin/65e605872ed5d34210f5b33beb13f5a3.php 第 104 行.
INFO: Run Behavior\ParseTemplateBehavior [ RunTime:0.007686s ]
INFO: [ view_parse ] --END-- [ RunTime:0.007718s ]
INFO: [ view_filter ] --START--
INFO: Run Behavior\WriteHtmlCacheBehavior [ RunTime:0.000131s ]
INFO: [ view_filter ] --END-- [ RunTime:0.000158s ]
INFO: [ app_end ] --START--
INFO: Run Behavior\ShowPageTraceBehavior [ RunTime:0.000336s ]
INFO: [ app_end ] --END-- [ RunTime:0.000370s ]

[ 2017-07-01T14:25:56+08:00 ] 211.161.248.24 /Public/home/css/store.css
INFO: [ app_init ] --START--
INFO: Run Behavior\BuildLiteBehavior [ RunTime:0.000038s ]
INFO: [ app_init ] --END-- [ RunTime:0.000326s ]
INFO: [ app_begin ] --START--
INFO: Run Behavior\ReadHtmlCacheBehavior [ RunTime:0.000373s ]
INFO: [ app_begin ] --END-- [ RunTime:0.000449s ]
ERR: 无法加载控制器:Public

[ 2017-07-01T14:25:56+08:00 ] 211.161.248.24 /Admin/User/index/ids/undefined/Public/common/zczy_images/loading.gif
INFO: [ app_init ] --START--
INFO: Run Behavior\BuildLiteBehavior [ RunTime:0.000011s ]
INFO: [ app_init ] --END-- [ RunTime:0.000270s ]

[ 2017-07-01T14:25:57+08:00 ] 211.161.248.24 /Admin/User/teacher_list/ids/450
INFO: [ app_init ] --START--
INFO: Run Behavior\BuildLiteBehavior [ RunTime:0.000011s ]
INFO: [ app_init ] --END-- [ RunTime:0.000267s ]
INFO: [ app_begin ] --START--
INFO: Run Behavior\ReadHtmlCacheBehavior [ RunTime:0.000362s ]
INFO: [ app_begin ] --END-- [ RunTime:0.000402s ]
SQL: SHOW COLUMNS FROM `m_inner_teacher` [ RunTime:0.0015s ]
SQL: SELECT COUNT(*) AS tp_count FROM `m_inner_teacher` WHERE `is_del` = 1 LIMIT 1   [ RunTime:0.0005s ]
SQL: SELECT * FROM `m_inner_teacher` WHERE `is_del` = 1 ORDER BY intime asc LIMIT 0,10   [ RunTime:0.0005s ]
INFO: [ view_parse ] --START--
INFO: [ template_filter ] --START--
INFO: Run Behavior\ContentReplaceBehavior [ RunTime:0.000059s ]
INFO: [ template_filter ] --END-- [ RunTime:0.000094s ]
NOTIC: [8] Undefined variable: start /mnt/data/mse/Application/Runtime/Cache/Admin/f9f9ece86c3cffe5f8973d1f80f4f064.php 第 103 行.
NOTIC: [8] Undefined variable: end /mnt/data/mse/Application/Runtime/Cache/Admin/f9f9ece86c3cffe5f8973d1f80f4f064.php 第 103 行.
NOTIC: [8] Undefined variable: inner_name /mnt/data/mse/Application/Runtime/Cache/Admin/f9f9ece86c3cffe5f8973d1f80f4f064.php 第 104 行.
NOTIC: [8] Undefined index: id /mnt/data/mse/Application/Runtime/Cache/Admin/f9f9ece86c3cffe5f8973d1f80f4f064.php 第 125 行.
NOTIC: [8] Undefined index: id /mnt/data/mse/Application/Runtime/Cache/Admin/f9f9ece86c3cffe5f8973d1f80f4f064.php 第 125 行.
INFO: Run Behavior\ParseTemplateBehavior [ RunTime:0.007625s ]
INFO: [ view_parse ] --END-- [ RunTime:0.007678s ]
INFO: [ view_filter ] --START--
INFO: Run Behavior\WriteHtmlCacheBehavior [ RunTime:0.000137s ]
INFO: [ view_filter ] --END-- [ RunTime:0.000165s ]
INFO: [ app_end ] --START--
INFO: Run Behavior\ShowPageTraceBehavior [ RunTime:0.000349s ]
INFO: [ app_end ] --END-- [ RunTime:0.000385s ]

[ 2017-07-01T14:25:57+08:00 ] 211.161.248.24 /mse/Public/admin/Uploads/touxiang/8bbdf3fd61654bc10c69aef41443e6c5.jpg
INFO: [ app_init ] --START--
INFO: Run Behavior\BuildLiteBehavior [ RunTime:0.000010s ]
INFO: [ app_init ] --END-- [ RunTime:0.000249s ]

[ 2017-07-01T14:25:57+08:00 ] 211.161.248.24 /Public/home/css/store.css
INFO: [ app_init ] --START--
INFO: Run Behavior\BuildLiteBehavior [ RunTime:0.000012s ]
INFO: [ app_init ] --END-- [ RunTime:0.000264s ]
INFO: [ app_begin ] --START--
INFO: Run Behavior\ReadHtmlCacheBehavior [ RunTime:0.000325s ]
INFO: [ app_begin ] --END-- [ RunTime:0.000364s ]
ERR: 无法加载控制器:Public

[ 2017-07-01T14:25:57+08:00 ] 211.161.248.24 /mse/Public/admin/Uploads/touxiang/1fd2c2aa3cf3a39b4a6ddd6ababf8eff.jpeg
INFO: [ app_init ] --START--
INFO: Run Behavior\BuildLiteBehavior [ RunTime:0.000011s ]
INFO: [ app_init ] --END-- [ RunTime:0.000297s ]
INFO: [ app_begin ] --START--
INFO: Run Behavior\ReadHtmlCacheBehavior [ RunTime:0.000322s ]
INFO: [ app_begin ] --END-- [ RunTime:0.000371s ]
ERR: 无法加载控制器:Mse

[ 2017-07-01T14:25:57+08:00 ] 211.161.248.24 /Admin/User/teacher_list/ids/undefined/Public/common/zczy_images/loading.gif
INFO: [ app_init ] --START--
INFO: Run Behavior\BuildLiteBehavior [ RunTime:0.000010s ]
INFO: [ app_init ] --END-- [ RunTime:0.000245s ]

[ 2017-07-01T14:25:59+08:00 ] 211.161.248.24 /Admin/Menus/index/ids/349
INFO: [ app_init ] --START--
INFO: Run Behavior\BuildLiteBehavior [ RunTime:0.000011s ]
INFO: [ app_init ] --END-- [ RunTime:0.000292s ]
INFO: [ app_begin ] --START--
INFO: Run Behavior\ReadHtmlCacheBehavior [ RunTime:0.000353s ]
INFO: [ app_begin ] --END-- [ RunTime:0.000391s ]
NOTIC: [8] Undefined index: ftype /mnt/data/mse/Application/Admin/Controller/MenusController.class.php 第 17 行.
SQL: SHOW COLUMNS FROM `m_menus` [ RunTime:0.0008s ]
SQL: SELECT COUNT(*) AS tp_count FROM `m_menus` WHERE ( level = 2 ) LIMIT 1   [ RunTime:0.0004s ]
SQL: SELECT * FROM `m_menus` WHERE ( level = 2 ) ORDER BY px asc LIMIT 0,10   [ RunTime:0.0004s ]
INFO: [ view_parse ] --START--
INFO: [ template_filter ] --START--
INFO: Run Behavior\ContentReplaceBehavior [ RunTime:0.000056s ]
INFO: [ template_filter ] --END-- [ RunTime:0.000097s ]
NOTIC: [8] Undefined variable: l /mnt/data/mse/Application/Runtime/Cache/Admin/ad9efae17ba02b441f6b5a6c584ee48c.php 第 96 行.
NOTIC: [8] Undefined variable: l /mnt/data/mse/Application/Runtime/Cache/Admin/ad9efae17ba02b441f6b5a6c584ee48c.php 第 96 行.
NOTIC: [8] Undefined variable: l /mnt/data/mse/Application/Runtime/Cache/Admin/ad9efae17ba02b441f6b5a6c584ee48c.php 第 96 行.
NOTIC: [8] Undefined variable: l /mnt/data/mse/Application/Runtime/Cache/Admin/ad9efae17ba02b441f6b5a6c584ee48c.php 第 96 行.
NOTIC: [8] Undefined variable: l /mnt/data/mse/Application/Runtime/Cache/Admin/ad9efae17ba02b441f6b5a6c584ee48c.php 第 96 行.
INFO: Run Behavior\ParseTemplateBehavior [ RunTime:0.008771s ]
INFO: [ view_parse ] --END-- [ RunTime:0.008818s ]
INFO: [ view_filter ] --START--
INFO: Run Behavior\WriteHtmlCacheBehavior [ RunTime:0.000152s ]
INFO: [ view_filter ] --END-- [ RunTime:0.000184s ]
INFO: [ app_end ] --START--
INFO: Run Behavior\ShowPageTraceBehavior [ RunTime:0.000349s ]
INFO: [ app_end ] --END-- [ RunTime:0.000383s ]

[ 2017-07-01T14:25:59+08:00 ] 211.161.248.24 /Public/home/css/store.css
INFO: [ app_init ] --START--
INFO: Run Behavior\BuildLiteBehavior [ RunTime:0.000010s ]
INFO: [ app_init ] --END-- [ RunTime:0.000283s ]
INFO: [ app_begin ] --START--
INFO: Run Behavior\ReadHtmlCacheBehavior [ RunTime:0.000366s ]
INFO: [ app_begin ] --END-- [ RunTime:0.000406s ]
ERR: 无法加载控制器:Public

[ 2017-07-01T14:25:59+08:00 ] 211.161.248.24 /Admin/Menus/index/ids/undefined/Public/common/zczy_images/loading.gif
INFO: [ app_init ] --START--
INFO: Run Behavior\BuildLiteBehavior [ RunTime:0.000012s ]
INFO: [ app_init ] --END-- [ RunTime:0.000262s ]

[ 2017-07-01T14:26:00+08:00 ] 211.161.248.24 /Admin/Caiwu/index/ids/435
INFO: [ app_init ] --START--
INFO: Run Behavior\BuildLiteBehavior [ RunTime:0.000011s ]
INFO: [ app_init ] --END-- [ RunTime:0.000273s ]
INFO: [ app_begin ] --START--
INFO: Run Behavior\ReadHtmlCacheBehavior [ RunTime:0.000325s ]
INFO: [ app_begin ] --END-- [ RunTime:0.000364s ]
SQL: SHOW COLUMNS FROM `m_recharge_record` [ RunTime:0.0008s ]
SQL: SELECT COUNT(*) AS tp_count FROM m_recharge_record a INNER JOIN m_user b on a.user_id=b.user_id  WHERE `pay_on` <> '' LIMIT 1   [ RunTime:0.0004s ]
SQL: SELECT a.*,b.username,b.ID,b.img,b.phone FROM m_recharge_record a INNER JOIN m_user b on a.user_id=b.user_id  WHERE `pay_on` <> '' ORDER BY a.intime desc LIMIT 0,10   [ RunTime:0.0004s ]
INFO: [ view_parse ] --START--
INFO: [ template_filter ] --START--
INFO: Run Behavior\ContentReplaceBehavior [ RunTime:0.000062s ]
INFO: [ template_filter ] --END-- [ RunTime:0.000105s ]
NOTIC: [8] Use of undefined constant wx - assumed 'wx' /mnt/data/mse/Application/Runtime/Cache/Admin/19ae01c0e66e6df3d8b19ca15fcbbe96.php 第 106 行.
NOTIC: [8] Undefined variable: pay_type /mnt/data/mse/Application/Runtime/Cache/Admin/19ae01c0e66e6df3d8b19ca15fcbbe96.php 第 106 行.
NOTIC: [8] Use of undefined constant alipay - assumed 'alipay' /mnt/data/mse/Application/Runtime/Cache/Admin/19ae01c0e66e6df3d8b19ca15fcbbe96.php 第 107 行.
NOTIC: [8] Undefined variable: pay_type /mnt/data/mse/Application/Runtime/Cache/Admin/19ae01c0e66e6df3d8b19ca15fcbbe96.php 第 107 行.
NOTIC: [8] Undefined variable: start /mnt/data/mse/Application/Runtime/Cache/Admin/19ae01c0e66e6df3d8b19ca15fcbbe96.php 第 109 行.
NOTIC: [8] Undefined variable: end /mnt/data/mse/Application/Runtime/Cache/Admin/19ae01c0e66e6df3d8b19ca15fcbbe96.php 第 109 行.
NOTIC: [8] Undefined variable: username /mnt/data/mse/Application/Runtime/Cache/Admin/19ae01c0e66e6df3d8b19ca15fcbbe96.php 第 110 行.
INFO: Run Behavior\ParseTemplateBehavior [ RunTime:0.008302s ]
INFO: [ view_parse ] --END-- [ RunTime:0.008340s ]
INFO: [ view_filter ] --START--
INFO: Run Behavior\WriteHtmlCacheBehavior [ RunTime:0.000150s ]
INFO: [ view_filter ] --END-- [ RunTime:0.000177s ]
INFO: [ app_end ] --START--
INFO: Run Behavior\ShowPageTraceBehavior [ RunTime:0.000323s ]
INFO: [ app_end ] --END-- [ RunTime:0.000356s ]

[ 2017-07-01T14:26:01+08:00 ] 211.161.248.24 /Public/home/css/store.css
INFO: [ app_init ] --START--
INFO: Run Behavior\BuildLiteBehavior [ RunTime:0.000011s ]
INFO: [ app_init ] --END-- [ RunTime:0.000262s ]
INFO: [ app_begin ] --START--
INFO: Run Behavior\ReadHtmlCacheBehavior [ RunTime:0.000341s ]
INFO: [ app_begin ] --END-- [ RunTime:0.000381s ]
ERR: 无法加载控制器:Public

[ 2017-07-01T14:26:01+08:00 ] 211.161.248.24 /Admin/Caiwu/index/ids/undefined/Public/common/zczy_images/loading.gif
INFO: [ app_init ] --START--
INFO: Run Behavior\BuildLiteBehavior [ RunTime:0.000011s ]
INFO: [ app_init ] --END-- [ RunTime:0.000248s ]

[ 2017-07-01T14:26:02+08:00 ] 211.161.248.24 /Admin/Caiwu/withdraw/ids/436
INFO: [ app_init ] --START--
INFO: Run Behavior\BuildLiteBehavior [ RunTime:0.000011s ]
INFO: [ app_init ] --END-- [ RunTime:0.000259s ]
INFO: [ app_begin ] --START--
INFO: Run Behavior\ReadHtmlCacheBehavior [ RunTime:0.000314s ]
INFO: [ app_begin ] --END-- [ RunTime:0.000354s ]
SQL: SHOW COLUMNS FROM `m_withdraw` [ RunTime:0.0008s ]
SQL: SELECT COUNT(*) AS tp_count FROM m_withdraw a INNER JOIN m_user b on a.user_id=b.user_id  LIMIT 1   [ RunTime:0.0004s ]
SQL: SELECT a.*,b.username,b.ID,b.img,b.phone FROM m_withdraw a INNER JOIN m_user b on a.user_id=b.user_id  ORDER BY a.intime desc LIMIT 0,10   [ RunTime:0.0009s ]
INFO: [ view_parse ] --START--
INFO: [ template_filter ] --START--
INFO: Run Behavior\ContentReplaceBehavior [ RunTime:0.000061s ]
INFO: [ template_filter ] --END-- [ RunTime:0.000097s ]
NOTIC: [8] Undefined variable: status /mnt/data/mse/Application/Runtime/Cache/Admin/b890db06190fc9fb870eef5b3f0ba10f.php 第 106 行.
NOTIC: [8] Undefined variable: status /mnt/data/mse/Application/Runtime/Cache/Admin/b890db06190fc9fb870eef5b3f0ba10f.php 第 107 行.
NOTIC: [8] Undefined variable: status /mnt/data/mse/Application/Runtime/Cache/Admin/b890db06190fc9fb870eef5b3f0ba10f.php 第 108 行.
NOTIC: [8] Undefined variable: start /mnt/data/mse/Application/Runtime/Cache/Admin/b890db06190fc9fb870eef5b3f0ba10f.php 第 110 行.
NOTIC: [8] Undefined variable: end /mnt/data/mse/Application/Runtime/Cache/Admin/b890db06190fc9fb870eef5b3f0ba10f.php 第 110 行.
NOTIC: [8] Undefined variable: username /mnt/data/mse/Application/Runtime/Cache/Admin/b890db06190fc9fb870eef5b3f0ba10f.php 第 111 行.
INFO: Run Behavior\ParseTemplateBehavior [ RunTime:0.008240s ]
INFO: [ view_parse ] --END-- [ RunTime:0.008272s ]
INFO: [ view_filter ] --START--
INFO: Run Behavior\WriteHtmlCacheBehavior [ RunTime:0.000136s ]
INFO: [ view_filter ] --END-- [ RunTime:0.000163s ]
INFO: [ app_end ] --START--
INFO: Run Behavior\ShowPageTraceBehavior [ RunTime:0.000332s ]
INFO: [ app_end ] --END-- [ RunTime:0.000370s ]

[ 2017-07-01T14:26:02+08:00 ] 211.161.248.24 /Public/home/css/store.css
INFO: [ app_init ] --START--
INFO: Run Behavior\BuildLiteBehavior [ RunTime:0.000011s ]
INFO: [ app_init ] --END-- [ RunTime:0.000286s ]
INFO: [ app_begin ] --START--
INFO: Run Behavior\ReadHtmlCacheBehavior [ RunTime:0.000341s ]
INFO: [ app_begin ] --END-- [ RunTime:0.000394s ]
ERR: 无法加载控制器:Public

[ 2017-07-01T14:26:02+08:00 ] 211.161.248.24 /Admin/Caiwu/withdraw/ids/undefined/Public/common/zczy_images/loading.gif
INFO: [ app_init ] --START--
INFO: Run Behavior\BuildLiteBehavior [ RunTime:0.000010s ]
INFO: [ app_init ] --END-- [ RunTime:0.000265s ]

[ 2017-07-01T14:26:03+08:00 ] 211.161.248.24 /Admin/Caiwu/convert_scale/ids/442
INFO: [ app_init ] --START--
INFO: Run Behavior\BuildLiteBehavior [ RunTime:0.000012s ]
INFO: [ app_init ] --END-- [ RunTime:0.000295s ]
INFO: [ app_begin ] --START--
INFO: Run Behavior\ReadHtmlCacheBehavior [ RunTime:0.000337s ]
INFO: [ app_begin ] --END-- [ RunTime:0.000375s ]
SQL: SHOW COLUMNS FROM `m_convert_scale` [ RunTime:0.0018s ]
SQL: SELECT COUNT(*) AS tp_count FROM `m_convert_scale` LIMIT 1   [ RunTime:0.0008s ]
SQL: SELECT * FROM `m_convert_scale` LIMIT 0,10   [ RunTime:0.0010s ]
INFO: [ view_parse ] --START--
INFO: [ template_filter ] --START--
INFO: Run Behavior\ContentReplaceBehavior [ RunTime:0.000058s ]
INFO: [ template_filter ] --END-- [ RunTime:0.000094s ]
NOTIC: [8] Undefined index: id /mnt/data/mse/Application/Runtime/Cache/Admin/365d3c678b921e7f96b8eced63c4c79f.php 第 108 行.
NOTIC: [8] Undefined index: id /mnt/data/mse/Application/Runtime/Cache/Admin/365d3c678b921e7f96b8eced63c4c79f.php 第 108 行.
INFO: Run Behavior\ParseTemplateBehavior [ RunTime:0.007476s ]
INFO: [ view_parse ] --END-- [ RunTime:0.007513s ]
INFO: [ view_filter ] --START--
INFO: Run Behavior\WriteHtmlCacheBehavior [ RunTime:0.000183s ]
INFO: [ view_filter ] --END-- [ RunTime:0.000220s ]
INFO: [ app_end ] --START--
INFO: Run Behavior\ShowPageTraceBehavior [ RunTime:0.000395s ]
INFO: [ app_end ] --END-- [ RunTime:0.000429s ]

[ 2017-07-01T14:26:03+08:00 ] 211.161.248.24 /Public/home/css/store.css
INFO: [ app_init ] --START--
INFO: Run Behavior\BuildLiteBehavior [ RunTime:0.000010s ]
INFO: [ app_init ] --END-- [ RunTime:0.000344s ]
INFO: [ app_begin ] --START--
INFO: Run Behavior\ReadHtmlCacheBehavior [ RunTime:0.000335s ]
INFO: [ app_begin ] --END-- [ RunTime:0.000374s ]
ERR: 无法加载控制器:Public

[ 2017-07-01T14:26:03+08:00 ] 211.161.248.24 /Admin/Caiwu/convert_scale/ids/undefined/Public/common/zczy_images/loading.gif
INFO: [ app_init ] --START--
INFO: Run Behavior\BuildLiteBehavior [ RunTime:0.000012s ]
INFO: [ app_init ] --END-- [ RunTime:0.000275s ]

[ 2017-07-01T14:26:04+08:00 ] 211.161.248.24 /Admin/Caiwu/give_gift_list/ids/455
INFO: [ app_init ] --START--
INFO: Run Behavior\BuildLiteBehavior [ RunTime:0.000011s ]
INFO: [ app_init ] --END-- [ RunTime:0.000248s ]
INFO: [ app_begin ] --START--
INFO: Run Behavior\ReadHtmlCacheBehavior [ RunTime:0.000323s ]
INFO: [ app_begin ] --END-- [ RunTime:0.000361s ]
SQL: SHOW COLUMNS FROM `m_give_gift` [ RunTime:0.0007s ]
SQL: SELECT COUNT(*) AS tp_count FROM m_give_gift a INNER JOIN m_user b on a.user_id=b.user_id INNER JOIN m_gift c on a.gift_id=c.gift_id INNER JOIN m_user d on a.user_id2=d.user_id  LIMIT 1   [ RunTime:0.0009s ]
SQL: SELECT a.*,b.username,b.ID,b.img,b.phone,c.name,d.username as username2,d.ID as id2 FROM m_give_gift a INNER JOIN m_user b on a.user_id=b.user_id INNER JOIN m_gift c on a.gift_id=c.gift_id INNER JOIN m_user d on a.user_id2=d.user_id  ORDER BY a.intime desc LIMIT 0,10   [ RunTime:0.0006s ]
SQL: SELECT SUM(jewel) AS tp_sum FROM m_give_gift a INNER JOIN m_user b on a.user_id=b.user_id INNER JOIN m_gift c on a.gift_id=c.gift_id INNER JOIN m_user d on a.user_id2=d.user_id  LIMIT 1   [ RunTime:0.0003s ]
INFO: [ view_parse ] --START--
INFO: [ template_filter ] --START--
INFO: Run Behavior\ContentReplaceBehavior [ RunTime:0.000060s ]
INFO: [ template_filter ] --END-- [ RunTime:0.000094s ]
NOTIC: [8] Undefined variable: start /mnt/data/mse/Application/Runtime/Cache/Admin/217ff8c7226b4078ca4dbd7b984b0c3e.php 第 109 行.
NOTIC: [8] Undefined variable: end /mnt/data/mse/Application/Runtime/Cache/Admin/217ff8c7226b4078ca4dbd7b984b0c3e.php 第 109 行.
NOTIC: [8] Undefined variable: username /mnt/data/mse/Application/Runtime/Cache/Admin/217ff8c7226b4078ca4dbd7b984b0c3e.php 第 110 行.
INFO: Run Behavior\ParseTemplateBehavior [ RunTime:0.007127s ]
INFO: [ view_parse ] --END-- [ RunTime:0.007158s ]
INFO: [ view_filter ] --START--
INFO: Run Behavior\WriteHtmlCacheBehavior [ RunTime:0.000149s ]
INFO: [ view_filter ] --END-- [ RunTime:0.000178s ]
INFO: [ app_end ] --START--
INFO: Run Behavior\ShowPageTraceBehavior [ RunTime:0.000326s ]
INFO: [ app_end ] --END-- [ RunTime:0.000359s ]

[ 2017-07-01T14:26:04+08:00 ] 211.161.248.24 /Public/home/css/store.css
INFO: [ app_init ] --START--
INFO: Run Behavior\BuildLiteBehavior [ RunTime:0.000012s ]
INFO: [ app_init ] --END-- [ RunTime:0.000260s ]
INFO: [ app_begin ] --START--
INFO: Run Behavior\ReadHtmlCacheBehavior [ RunTime:0.000314s ]
INFO: [ app_begin ] --END-- [ RunTime:0.000351s ]
ERR: 无法加载控制器:Public

[ 2017-07-01T14:26:04+08:00 ] 211.161.248.24 /Admin/Caiwu/give_gift_list/ids/undefined/Public/common/zczy_images/loading.gif
INFO: [ app_init ] --START--
INFO: Run Behavior\BuildLiteBehavior [ RunTime:0.000012s ]
INFO: [ app_init ] --END-- [ RunTime:0.000271s ]

[ 2017-07-01T15:48:20+08:00 ] 127.0.0.1 /mse/Admin/Live/index/ids/431
INFO: [ app_init ] --START--
INFO: Run Behavior\BuildLiteBehavior [ RunTime:0.000000s ]
INFO: [ app_init ] --END-- [ RunTime:0.002000s ]
INFO: [ app_begin ] --START--
INFO: Run Behavior\ReadHtmlCacheBehavior [ RunTime:0.002000s ]
INFO: [ app_begin ] --END-- [ RunTime:0.002000s ]
SQL: SHOW COLUMNS FROM `m_live` [ RunTime:0.0150s ]
SQL: SELECT COUNT(*) AS tp_count FROM m_live a INNER JOIN m_user b on a.user_id=b.user_id  LIMIT 1   [ RunTime:0.0130s ]
SQL: SELECT a.*,b.username,b.img,b.sex,b.phone,b.ID FROM m_live a INNER JOIN m_user b on a.user_id=b.user_id  ORDER BY a.live_status asc,a.intime desc LIMIT 0,10   [ RunTime:0.0150s ]
SQL: SHOW COLUMNS FROM `m_give_gift` [ RunTime:0.0130s ]
SQL: SELECT SUM(jewel) AS tp_sum FROM `m_give_gift` WHERE `live_id` = 78 LIMIT 1   [ RunTime:0.0140s ]
SQL: SELECT SUM(jewel) AS tp_sum FROM `m_give_gift` WHERE `live_id` = 77 LIMIT 1   [ RunTime:0.0130s ]
INFO: [ view_parse ] --START--
INFO: [ template_filter ] --START--
INFO: Run Behavior\ContentReplaceBehavior [ RunTime:0.001000s ]
INFO: [ template_filter ] --END-- [ RunTime:0.001000s ]
NOTIC: [8] Undefined variable: live_status D:\phpStudy\WWW\mse\Application\Runtime\Cache\Admin\c632dad43b4c0a441ef4b77d3de9971d.php 第 107 行.
NOTIC: [8] Undefined variable: live_status D:\phpStudy\WWW\mse\Application\Runtime\Cache\Admin\c632dad43b4c0a441ef4b77d3de9971d.php 第 108 行.
NOTIC: [8] Undefined variable: start D:\phpStudy\WWW\mse\Application\Runtime\Cache\Admin\c632dad43b4c0a441ef4b77d3de9971d.php 第 110 行.
NOTIC: [8] Undefined variable: end D:\phpStudy\WWW\mse\Application\Runtime\Cache\Admin\c632dad43b4c0a441ef4b77d3de9971d.php 第 110 行.
NOTIC: [8] Undefined variable: username D:\phpStudy\WWW\mse\Application\Runtime\Cache\Admin\c632dad43b4c0a441ef4b77d3de9971d.php 第 111 行.
INFO: Run Behavior\ParseTemplateBehavior [ RunTime:0.057000s ]
INFO: [ view_parse ] --END-- [ RunTime:0.057000s ]
INFO: [ view_filter ] --START--
INFO: Run Behavior\WriteHtmlCacheBehavior [ RunTime:0.004000s ]
INFO: [ view_filter ] --END-- [ RunTime:0.004000s ]
INFO: [ app_end ] --START--
INFO: Run Behavior\ShowPageTraceBehavior [ RunTime:0.005000s ]
INFO: [ app_end ] --END-- [ RunTime:0.005000s ]

[ 2017-07-01T15:48:20+08:00 ] 127.0.0.1 /mse/Public/home/css/store.css
INFO: [ app_init ] --START--
INFO: Run Behavior\BuildLiteBehavior [ RunTime:0.000000s ]
INFO: [ app_init ] --END-- [ RunTime:0.002000s ]
INFO: [ app_begin ] --START--
INFO: Run Behavior\ReadHtmlCacheBehavior [ RunTime:0.003000s ]
INFO: [ app_begin ] --END-- [ RunTime:0.003000s ]
ERR: 无法加载控制器:Public

[ 2017-07-01T15:48:20+08:00 ] 127.0.0.1 /mse/Admin/Live/index/ids/undefined/Public/common/zczy_images/loading.gif
INFO: [ app_init ] --START--
INFO: Run Behavior\BuildLiteBehavior [ RunTime:0.000000s ]
INFO: [ app_init ] --END-- [ RunTime:0.001000s ]

[ 2017-07-01T15:48:22+08:00 ] 127.0.0.1 /mse/Admin/Live/recorded/ids/432
INFO: [ app_init ] --START--
INFO: Run Behavior\BuildLiteBehavior [ RunTime:0.000000s ]
INFO: [ app_init ] --END-- [ RunTime:0.001000s ]
INFO: [ app_begin ] --START--
INFO: Run Behavior\ReadHtmlCacheBehavior [ RunTime:0.001000s ]
INFO: [ app_begin ] --END-- [ RunTime:0.001000s ]
SQL: SHOW COLUMNS FROM `m_live_store` [ RunTime:0.0140s ]
SQL: SELECT COUNT(*) AS tp_count FROM m_live_store a INNER JOIN m_user b on a.user_id=b.user_id  LIMIT 1   [ RunTime:0.0140s ]
SQL: SELECT a.*,b.username,b.img,b.sex,b.phone,b.ID FROM m_live_store a INNER JOIN m_user b on a.user_id=b.user_id  ORDER BY a.intime desc LIMIT 0,10   [ RunTime:0.0150s ]
INFO: [ view_parse ] --START--
INFO: [ template_filter ] --START--
INFO: Run Behavior\ContentReplaceBehavior [ RunTime:0.001000s ]
INFO: [ template_filter ] --END-- [ RunTime:0.001000s ]
NOTIC: [8] Undefined variable: is_tuijian_video D:\phpStudy\WWW\mse\Application\Runtime\Cache\Admin\9b2be8bd3badab20c079eeaad7bdb354.php 第 108 行.
NOTIC: [8] Undefined variable: is_tuijian_video D:\phpStudy\WWW\mse\Application\Runtime\Cache\Admin\9b2be8bd3badab20c079eeaad7bdb354.php 第 109 行.
NOTIC: [8] Undefined variable: is_tuijian_info D:\phpStudy\WWW\mse\Application\Runtime\Cache\Admin\9b2be8bd3badab20c079eeaad7bdb354.php 第 114 行.
NOTIC: [8] Undefined variable: is_tuijian_info D:\phpStudy\WWW\mse\Application\Runtime\Cache\Admin\9b2be8bd3badab20c079eeaad7bdb354.php 第 115 行.
NOTIC: [8] Undefined variable: start D:\phpStudy\WWW\mse\Application\Runtime\Cache\Admin\9b2be8bd3badab20c079eeaad7bdb354.php 第 117 行.
NOTIC: [8] Undefined variable: end D:\phpStudy\WWW\mse\Application\Runtime\Cache\Admin\9b2be8bd3badab20c079eeaad7bdb354.php 第 117 行.
NOTIC: [8] Undefined variable: username D:\phpStudy\WWW\mse\Application\Runtime\Cache\Admin\9b2be8bd3badab20c079eeaad7bdb354.php 第 118 行.
INFO: Run Behavior\ParseTemplateBehavior [ RunTime:0.048000s ]
INFO: [ view_parse ] --END-- [ RunTime:0.048000s ]
INFO: [ view_filter ] --START--
INFO: Run Behavior\WriteHtmlCacheBehavior [ RunTime:0.003000s ]
INFO: [ view_filter ] --END-- [ RunTime:0.003000s ]
INFO: [ app_end ] --START--
INFO: Run Behavior\ShowPageTraceBehavior [ RunTime:0.004000s ]
INFO: [ app_end ] --END-- [ RunTime:0.004000s ]

[ 2017-07-01T15:48:22+08:00 ] 127.0.0.1 /mse/Public/home/css/store.css
INFO: [ app_init ] --START--
INFO: Run Behavior\BuildLiteBehavior [ RunTime:0.000000s ]
INFO: [ app_init ] --END-- [ RunTime:0.001000s ]
INFO: [ app_begin ] --START--
INFO: Run Behavior\ReadHtmlCacheBehavior [ RunTime:0.001000s ]
INFO: [ app_begin ] --END-- [ RunTime:0.001000s ]
ERR: 无法加载控制器:Public

[ 2017-07-01T15:48:22+08:00 ] 127.0.0.1 /mse/Admin/Live/recorded/ids/undefined/Public/common/zczy_images/loading.gif
INFO: [ app_init ] --START--
INFO: Run Behavior\BuildLiteBehavior [ RunTime:0.000000s ]
INFO: [ app_init ] --END-- [ RunTime:0.002000s ]

[ 2017-07-01T15:48:27+08:00 ] 127.0.0.1 /mse/Admin/Menus/index/ids/349
INFO: [ app_init ] --START--
INFO: Run Behavior\BuildLiteBehavior [ RunTime:0.000000s ]
INFO: [ app_init ] --END-- [ RunTime:0.002000s ]
INFO: [ app_begin ] --START--
INFO: Run Behavior\ReadHtmlCacheBehavior [ RunTime:0.002000s ]
INFO: [ app_begin ] --END-- [ RunTime:0.002000s ]
NOTIC: [8] Undefined index: ftype D:\phpStudy\WWW\mse\Application\Admin\Controller\MenusController.class.php 第 17 行.
SQL: SHOW COLUMNS FROM `m_menus` [ RunTime:0.0150s ]
SQL: SELECT COUNT(*) AS tp_count FROM `m_menus` WHERE ( level = 2 ) LIMIT 1   [ RunTime:0.0140s ]
SQL: SELECT * FROM `m_menus` WHERE ( level = 2 ) ORDER BY px asc LIMIT 0,10   [ RunTime:0.0150s ]
INFO: [ view_parse ] --START--
INFO: [ template_filter ] --START--
INFO: Run Behavior\ContentReplaceBehavior [ RunTime:0.000000s ]
INFO: [ template_filter ] --END-- [ RunTime:0.000000s ]
NOTIC: [8] Undefined variable: l D:\phpStudy\WWW\mse\Application\Runtime\Cache\Admin\ad9efae17ba02b441f6b5a6c584ee48c.php 第 96 行.
NOTIC: [8] Undefined variable: l D:\phpStudy\WWW\mse\Application\Runtime\Cache\Admin\ad9efae17ba02b441f6b5a6c584ee48c.php 第 96 行.
NOTIC: [8] Undefined variable: l D:\phpStudy\WWW\mse\Application\Runtime\Cache\Admin\ad9efae17ba02b441f6b5a6c584ee48c.php 第 96 行.
NOTIC: [8] Undefined variable: l D:\phpStudy\WWW\mse\Application\Runtime\Cache\Admin\ad9efae17ba02b441f6b5a6c584ee48c.php 第 96 行.
NOTIC: [8] Undefined variable: l D:\phpStudy\WWW\mse\Application\Runtime\Cache\Admin\ad9efae17ba02b441f6b5a6c584ee48c.php 第 96 行.
INFO: Run Behavior\ParseTemplateBehavior [ RunTime:0.027000s ]
INFO: [ view_parse ] --END-- [ RunTime:0.027000s ]
INFO: [ view_filter ] --START--
INFO: Run Behavior\WriteHtmlCacheBehavior [ RunTime:0.003000s ]
INFO: [ view_filter ] --END-- [ RunTime:0.003000s ]
INFO: [ app_end ] --START--
INFO: Run Behavior\ShowPageTraceBehavior [ RunTime:0.002000s ]
INFO: [ app_end ] --END-- [ RunTime:0.002000s ]

[ 2017-07-01T15:48:27+08:00 ] 127.0.0.1 /mse/Public/home/css/store.css
INFO: [ app_init ] --START--
INFO: Run Behavior\BuildLiteBehavior [ RunTime:0.000000s ]
INFO: [ app_init ] --END-- [ RunTime:0.001000s ]
INFO: [ app_begin ] --START--
INFO: Run Behavior\ReadHtmlCacheBehavior [ RunTime:0.002000s ]
INFO: [ app_begin ] --END-- [ RunTime:0.002000s ]
ERR: 无法加载控制器:Public

[ 2017-07-01T15:48:28+08:00 ] 127.0.0.1 /mse/Admin/Menus/index/ids/undefined/Public/common/zczy_images/loading.gif
INFO: [ app_init ] --START--
INFO: Run Behavior\BuildLiteBehavior [ RunTime:0.000000s ]
INFO: [ app_init ] --END-- [ RunTime:0.001000s ]

[ 2017-07-01T15:48:32+08:00 ] 127.0.0.1 /mse/Admin/User/index/ids/459
INFO: [ app_init ] --START--
INFO: Run Behavior\BuildLiteBehavior [ RunTime:0.000000s ]
INFO: [ app_init ] --END-- [ RunTime:0.002000s ]
INFO: [ app_begin ] --START--
INFO: Run Behavior\ReadHtmlCacheBehavior [ RunTime:0.001000s ]
INFO: [ app_begin ] --END-- [ RunTime:0.001000s ]
SQL: SHOW COLUMNS FROM `m_user` [ RunTime:0.0160s ]
SQL: SELECT COUNT(*) AS tp_count FROM `m_user` WHERE `is_del` = 1 AND `is_fans` = 1 LIMIT 1   [ RunTime:0.0140s ]
SQL: SELECT * FROM `m_user` WHERE `is_del` = 1 AND `is_fans` = 1 AND `type` = 2 ORDER BY intime desc LIMIT 0,10   [ RunTime:0.0130s ]
INFO: [ view_parse ] --START--
INFO: [ template_filter ] --START--
INFO: Run Behavior\ContentReplaceBehavior [ RunTime:0.000000s ]
INFO: [ template_filter ] --END-- [ RunTime:0.000000s ]
NOTIC: [8] Use of undefined constant 直播会员列表 - assumed '直播会员列表' D:\phpStudy\WWW\mse\Application\Runtime\Cache\Admin\65e605872ed5d34210f5b33beb13f5a3.php 第 92 行.
NOTIC: [8] Undefined variable: start D:\phpStudy\WWW\mse\Application\Runtime\Cache\Admin\65e605872ed5d34210f5b33beb13f5a3.php 第 103 行.
NOTIC: [8] Undefined variable: end D:\phpStudy\WWW\mse\Application\Runtime\Cache\Admin\65e605872ed5d34210f5b33beb13f5a3.php 第 103 行.
NOTIC: [8] Undefined variable: username D:\phpStudy\WWW\mse\Application\Runtime\Cache\Admin\65e605872ed5d34210f5b33beb13f5a3.php 第 104 行.
INFO: Run Behavior\ParseTemplateBehavior [ RunTime:0.016000s ]
INFO: [ view_parse ] --END-- [ RunTime:0.016000s ]
INFO: [ view_filter ] --START--
INFO: Run Behavior\WriteHtmlCacheBehavior [ RunTime:0.002000s ]
INFO: [ view_filter ] --END-- [ RunTime:0.002000s ]
INFO: [ app_end ] --START--
INFO: Run Behavior\ShowPageTraceBehavior [ RunTime:0.002000s ]
INFO: [ app_end ] --END-- [ RunTime:0.002000s ]

[ 2017-07-01T15:48:32+08:00 ] 127.0.0.1 /mse/Public/home/css/store.css
INFO: [ app_init ] --START--
INFO: Run Behavior\BuildLiteBehavior [ RunTime:0.000000s ]
INFO: [ app_init ] --END-- [ RunTime:0.001000s ]
INFO: [ app_begin ] --START--
INFO: Run Behavior\ReadHtmlCacheBehavior [ RunTime:0.001000s ]
INFO: [ app_begin ] --END-- [ RunTime:0.002000s ]
ERR: 无法加载控制器:Public

[ 2017-07-01T15:48:32+08:00 ] 127.0.0.1 /mse/Admin/User/index/ids/undefined/Public/common/zczy_images/loading.gif
INFO: [ app_init ] --START--
INFO: Run Behavior\BuildLiteBehavior [ RunTime:0.000000s ]
INFO: [ app_init ] --END-- [ RunTime:0.002000s ]

[ 2017-07-01T15:48:34+08:00 ] 127.0.0.1 /mse/Admin/User/index/ids/420
INFO: [ app_init ] --START--
INFO: Run Behavior\BuildLiteBehavior [ RunTime:0.000000s ]
INFO: [ app_init ] --END-- [ RunTime:0.002000s ]
INFO: [ app_begin ] --START--
INFO: Run Behavior\ReadHtmlCacheBehavior [ RunTime:0.002000s ]
INFO: [ app_begin ] --END-- [ RunTime:0.002000s ]
SQL: SHOW COLUMNS FROM `m_user` [ RunTime:0.0150s ]
SQL: SELECT COUNT(*) AS tp_count FROM `m_user` WHERE `is_del` = 1 AND `is_fans` = 1 LIMIT 1   [ RunTime:0.0140s ]
SQL: SELECT * FROM `m_user` WHERE `is_del` = 1 AND `is_fans` = 1 AND `type` = 1 ORDER BY intime desc LIMIT 0,10   [ RunTime:0.0140s ]
INFO: [ view_parse ] --START--
INFO: [ template_filter ] --START--
INFO: Run Behavior\ContentReplaceBehavior [ RunTime:0.000000s ]
INFO: [ template_filter ] --END-- [ RunTime:0.000000s ]
NOTIC: [8] Use of undefined constant 直播会员列表 - assumed '直播会员列表' D:\phpStudy\WWW\mse\Application\Runtime\Cache\Admin\65e605872ed5d34210f5b33beb13f5a3.php 第 92 行.
NOTIC: [8] Undefined variable: start D:\phpStudy\WWW\mse\Application\Runtime\Cache\Admin\65e605872ed5d34210f5b33beb13f5a3.php 第 103 行.
NOTIC: [8] Undefined variable: end D:\phpStudy\WWW\mse\Application\Runtime\Cache\Admin\65e605872ed5d34210f5b33beb13f5a3.php 第 103 行.
NOTIC: [8] Undefined variable: username D:\phpStudy\WWW\mse\Application\Runtime\Cache\Admin\65e605872ed5d34210f5b33beb13f5a3.php 第 104 行.
INFO: Run Behavior\ParseTemplateBehavior [ RunTime:0.034000s ]
INFO: [ view_parse ] --END-- [ RunTime:0.034000s ]
INFO: [ view_filter ] --START--
INFO: Run Behavior\WriteHtmlCacheBehavior [ RunTime:0.003000s ]
INFO: [ view_filter ] --END-- [ RunTime:0.003000s ]
INFO: [ app_end ] --START--
INFO: Run Behavior\ShowPageTraceBehavior [ RunTime:0.003000s ]
INFO: [ app_end ] --END-- [ RunTime:0.003000s ]

[ 2017-07-01T15:48:34+08:00 ] 127.0.0.1 /mse/Public/home/css/store.css
INFO: [ app_init ] --START--
INFO: Run Behavior\BuildLiteBehavior [ RunTime:0.000000s ]
INFO: [ app_init ] --END-- [ RunTime:0.001000s ]
INFO: [ app_begin ] --START--
INFO: Run Behavior\ReadHtmlCacheBehavior [ RunTime:0.001000s ]
INFO: [ app_begin ] --END-- [ RunTime:0.002000s ]
ERR: 无法加载控制器:Public

[ 2017-07-01T15:48:34+08:00 ] 127.0.0.1 /mse/Admin/User/index/ids/undefined/Public/common/zczy_images/loading.gif
INFO: [ app_init ] --START--
INFO: Run Behavior\BuildLiteBehavior [ RunTime:0.000000s ]
INFO: [ app_init ] --END-- [ RunTime:0.002000s ]

[ 2017-07-01T15:48:41+08:00 ] 127.0.0.1 /mse/Admin/User/index/ids/459
INFO: [ app_init ] --START--
INFO: Run Behavior\BuildLiteBehavior [ RunTime:0.000000s ]
INFO: [ app_init ] --END-- [ RunTime:0.001000s ]
INFO: [ app_begin ] --START--
INFO: Run Behavior\ReadHtmlCacheBehavior [ RunTime:0.002000s ]
INFO: [ app_begin ] --END-- [ RunTime:0.002000s ]
SQL: SHOW COLUMNS FROM `m_user` [ RunTime:0.0170s ]
SQL: SELECT COUNT(*) AS tp_count FROM `m_user` WHERE `is_del` = 1 AND `is_fans` = 1 LIMIT 1   [ RunTime:0.0160s ]
SQL: SELECT * FROM `m_user` WHERE `is_del` = 1 AND `is_fans` = 1 AND `type` = 2 ORDER BY intime desc LIMIT 0,10   [ RunTime:0.0160s ]
INFO: [ view_parse ] --START--
INFO: [ template_filter ] --START--
INFO: Run Behavior\ContentReplaceBehavior [ RunTime:0.000000s ]
INFO: [ template_filter ] --END-- [ RunTime:0.000000s ]
NOTIC: [8] Use of undefined constant 直播会员列表 - assumed '直播会员列表' D:\phpStudy\WWW\mse\Application\Runtime\Cache\Admin\65e605872ed5d34210f5b33beb13f5a3.php 第 92 行.
NOTIC: [8] Undefined variable: start D:\phpStudy\WWW\mse\Application\Runtime\Cache\Admin\65e605872ed5d34210f5b33beb13f5a3.php 第 103 行.
NOTIC: [8] Undefined variable: end D:\phpStudy\WWW\mse\Application\Runtime\Cache\Admin\65e605872ed5d34210f5b33beb13f5a3.php 第 103 行.
NOTIC: [8] Undefined variable: username D:\phpStudy\WWW\mse\Application\Runtime\Cache\Admin\65e605872ed5d34210f5b33beb13f5a3.php 第 104 行.
INFO: Run Behavior\ParseTemplateBehavior [ RunTime:0.029000s ]
INFO: [ view_parse ] --END-- [ RunTime:0.030000s ]
INFO: [ view_filter ] --START--
INFO: Run Behavior\WriteHtmlCacheBehavior [ RunTime:0.003000s ]
INFO: [ view_filter ] --END-- [ RunTime:0.003000s ]
INFO: [ app_end ] --START--
INFO: Run Behavior\ShowPageTraceBehavior [ RunTime:0.005000s ]
INFO: [ app_end ] --END-- [ RunTime:0.005000s ]

[ 2017-07-01T15:48:42+08:00 ] 127.0.0.1 /mse/Public/home/css/store.css
INFO: [ app_init ] --START--
INFO: Run Behavior\BuildLiteBehavior [ RunTime:0.000000s ]
INFO: [ app_init ] --END-- [ RunTime:0.001000s ]
INFO: [ app_begin ] --START--
INFO: Run Behavior\ReadHtmlCacheBehavior [ RunTime:0.002000s ]
INFO: [ app_begin ] --END-- [ RunTime:0.002000s ]
ERR: 无法加载控制器:Public

[ 2017-07-01T15:48:42+08:00 ] 127.0.0.1 /mse/Admin/User/index/ids/undefined/Public/common/zczy_images/loading.gif
INFO: [ app_init ] --START--
INFO: Run Behavior\BuildLiteBehavior [ RunTime:0.000000s ]
INFO: [ app_init ] --END-- [ RunTime:0.002000s ]

[ 2017-07-01T15:48:43+08:00 ] 127.0.0.1 /mse/Admin/User/index/ids/420
INFO: [ app_init ] --START--
INFO: Run Behavior\BuildLiteBehavior [ RunTime:0.000000s ]
INFO: [ app_init ] --END-- [ RunTime:0.001000s ]
INFO: [ app_begin ] --START--
INFO: Run Behavior\ReadHtmlCacheBehavior [ RunTime:0.002000s ]
INFO: [ app_begin ] --END-- [ RunTime:0.002000s ]
SQL: SHOW COLUMNS FROM `m_user` [ RunTime:0.0160s ]
SQL: SELECT COUNT(*) AS tp_count FROM `m_user` WHERE `is_del` = 1 AND `is_fans` = 1 LIMIT 1   [ RunTime:0.0130s ]
SQL: SELECT * FROM `m_user` WHERE `is_del` = 1 AND `is_fans` = 1 AND `type` = 1 ORDER BY intime desc LIMIT 0,10   [ RunTime:0.0140s ]
INFO: [ view_parse ] --START--
INFO: [ template_filter ] --START--
INFO: Run Behavior\ContentReplaceBehavior [ RunTime:0.001000s ]
INFO: [ template_filter ] --END-- [ RunTime:0.001000s ]
NOTIC: [8] Use of undefined constant 直播会员列表 - assumed '直播会员列表' D:\phpStudy\WWW\mse\Application\Runtime\Cache\Admin\65e605872ed5d34210f5b33beb13f5a3.php 第 92 行.
NOTIC: [8] Undefined variable: start D:\phpStudy\WWW\mse\Application\Runtime\Cache\Admin\65e605872ed5d34210f5b33beb13f5a3.php 第 103 行.
NOTIC: [8] Undefined variable: end D:\phpStudy\WWW\mse\Application\Runtime\Cache\Admin\65e605872ed5d34210f5b33beb13f5a3.php 第 103 行.
NOTIC: [8] Undefined variable: username D:\phpStudy\WWW\mse\Application\Runtime\Cache\Admin\65e605872ed5d34210f5b33beb13f5a3.php 第 104 行.
INFO: Run Behavior\ParseTemplateBehavior [ RunTime:0.038000s ]
INFO: [ view_parse ] --END-- [ RunTime:0.039000s ]
INFO: [ view_filter ] --START--
INFO: Run Behavior\WriteHtmlCacheBehavior [ RunTime:0.003000s ]
INFO: [ view_filter ] --END-- [ RunTime:0.003000s ]
INFO: [ app_end ] --START--
INFO: Run Behavior\ShowPageTraceBehavior [ RunTime:0.003000s ]
INFO: [ app_end ] --END-- [ RunTime:0.003000s ]

[ 2017-07-01T15:48:43+08:00 ] 127.0.0.1 /mse/Public/home/css/store.css
INFO: [ app_init ] --START--
INFO: Run Behavior\BuildLiteBehavior [ RunTime:0.000000s ]
INFO: [ app_init ] --END-- [ RunTime:0.001000s ]
INFO: [ app_begin ] --START--
INFO: Run Behavior\ReadHtmlCacheBehavior [ RunTime:0.001000s ]
INFO: [ app_begin ] --END-- [ RunTime:0.001000s ]
ERR: 无法加载控制器:Public

[ 2017-07-01T15:48:43+08:00 ] 127.0.0.1 /mse/Admin/User/index/ids/undefined/Public/common/zczy_images/loading.gif
INFO: [ app_init ] --START--
INFO: Run Behavior\BuildLiteBehavior [ RunTime:0.000000s ]
INFO: [ app_init ] --END-- [ RunTime:0.002000s ]

